<?xml version="1.0" encoding="UTF-8"?>
<testsuite xmlns:xsi="http://www.w3.org/2001/XMLSchema-instance" xsi:noNamespaceSchemaLocation="https://maven.apache.org/surefire/maven-surefire-plugin/xsd/surefire-test-report-3.0.xsd" version="3.0" name="unlp.info.bd2.ToursQuerysTests" time="3.629" tests="11" errors="3" skipped="0" failures="3">
  <properties>
[...]
</properties>
  <testcase name="getRoutsNotSellTest" classname="unlp.info.bd2.ToursQuerysTests" time="0.106">
    <system-out><![CDATA[20:18:06.387 [main] INFO org.hibernate.cache.internal.RegionFactoryInitiator -- HHH000026: Second-level cache disabled
20:18:06.424 [main] WARN org.hibernate.orm.deprecation -- HHH90000025: MySQLDialect does not need to be specified explicitly using 'hibernate.dialect' (remove the property setting and it will be selected by default)
20:18:06.610 [main] INFO org.hibernate.metamodel.internal.EntityInstantiatorPojoStandard -- HHH000182: No default (no-argument) constructor for class: unlp.info.bd2.model.ItemService (class must be instantiated by Interceptor)
20:18:06.618 [main] INFO org.hibernate.metamodel.internal.EntityInstantiatorPojoStandard -- HHH000182: No default (no-argument) constructor for class: unlp.info.bd2.model.Review (class must be instantiated by Interceptor)
20:18:06.659 [main] INFO org.hibernate.metamodel.internal.EntityInstantiatorPojoStandard -- HHH000182: No default (no-argument) constructor for class: unlp.info.bd2.model.Purchase (class must be instantiated by Interceptor)
20:18:06.759 [main] INFO org.hibernate.engine.transaction.jta.platform.internal.JtaPlatformInitiator -- HHH000489: No JTA platform available (set 'hibernate.transaction.jta.platform' to enable JTA platform integration)
Hibernate: 
    alter table DriverUser_Route 
       drop 
       foreign key FK7nrl1x2jrecep0obnex11e68l
Hibernate: 
    alter table DriverUser_Route 
       drop 
       foreign key FKj7u40y2fjdh1yjx1yj65w62yn
Hibernate: 
    alter table ItemService 
       drop 
       foreign key FK3irqogllelbjchciuu8lkqhsa
Hibernate: 
    alter table ItemService 
       drop 
       foreign key FK9qy0l54bu71fed4qcr5w2a6jj
Hibernate: 
    alter table Purchase 
       drop 
       foreign key FKmegulceyii61cx6yvqjk2arme
Hibernate: 
    alter table Purchase 
       drop 
       foreign key FKdukhkwen2608e4liccoh1w3lb
Hibernate: 
    alter table Review 
       drop 
       foreign key FKllu3c5acfdsewb2fg2s1e0dfd
Hibernate: 
    alter table Service 
       drop 
       foreign key FK7r8rfu8lnotaryukymhmmt4x2
Hibernate: 
    alter table Stop 
       drop 
       foreign key FK74wbrtwd0buwa6pm5wcr6idr3
Hibernate: 
    alter table TourGuideUser_Route 
       drop 
       foreign key FKojswp76ghuur11t7tky65mai1
Hibernate: 
    alter table TourGuideUser_Route 
       drop 
       foreign key FKsrb7bac0uiq5sycydgbgxxyiu
Hibernate: 
    drop table if exists DriverUser_Route
Hibernate: 
    drop table if exists ItemService
Hibernate: 
    drop table if exists Purchase
Hibernate: 
    drop table if exists Review
Hibernate: 
    drop table if exists Route
Hibernate: 
    drop table if exists Service
Hibernate: 
    drop table if exists Stop
Hibernate: 
    drop table if exists Supplier
Hibernate: 
    drop table if exists TourGuideUser_Route
Hibernate: 
    drop table if exists User
Hibernate: 
    create table DriverUser_Route (
        driver_id bigint not null,
        route_id bigint not null
    ) engine=InnoDB
Hibernate: 
    create table ItemService (
        quantity integer not null,
        id bigint not null auto_increment,
        purchase_id bigint,
        service_id bigint,
        primary key (id)
    ) engine=InnoDB
Hibernate: 
    create table Purchase (
        totalPrice float(23) not null,
        date datetime(6),
        id bigint not null auto_increment,
        route_id bigint,
        user_id bigint,
        code varchar(255),
        primary key (id)
    ) engine=InnoDB
Hibernate: 
    create table Review (
        rating integer not null,
        id bigint not null auto_increment,
        purchase_id bigint,
        comment varchar(255),
        primary key (id)
    ) engine=InnoDB
Hibernate: 
    create table Route (
        maxNumberUsers integer not null,
        price float(23) not null,
        totalKm float(23) not null,
        id bigint not null auto_increment,
        name varchar(255),
        primary key (id)
    ) engine=InnoDB
Hibernate: 
    create table Service (
        price float(23) not null,
        id bigint not null auto_increment,
        supplier_id bigint,
        name varchar(100) not null,
        description varchar(255),
        primary key (id)
    ) engine=InnoDB
Hibernate: 
    create table Stop (
        id bigint not null auto_increment,
        route_id bigint,
        description varchar(255),
        name varchar(255),
        primary key (id)
    ) engine=InnoDB
Hibernate: 
    create table Supplier (
        id bigint not null auto_increment,
        authorizationNumber varchar(255) not null,
        businessName varchar(255),
        primary key (id)
    ) engine=InnoDB
Hibernate: 
    create table TourGuideUser_Route (
        route_id bigint not null,
        tour_guide_id bigint not null
    ) engine=InnoDB
Hibernate: 
    create table User (
        active bit not null,
        birthdate datetime(6),
        id bigint not null auto_increment,
        TIPO_USUARIO varchar(31) not null,
        education varchar(255),
        email varchar(255),
        expedient varchar(255),
        name varchar(255),
        password varchar(255),
        phoneNumber varchar(255),
        username varchar(255) not null,
        primary key (id)
    ) engine=InnoDB
Hibernate: 
    alter table Review 
       add constraint UK_k1hayctsk7sh28pkewme2cpwh unique (purchase_id)
Hibernate: 
    alter table Supplier 
       add constraint UK_42cyx8mhhvhl87fyh80w0q6i2 unique (authorizationNumber)
Hibernate: 
    alter table User 
       add constraint UK_jreodf78a7pl5qidfh43axdfb unique (username)
Hibernate: 
    alter table DriverUser_Route 
       add constraint FK7nrl1x2jrecep0obnex11e68l 
       foreign key (driver_id) 
       references User (id)
Hibernate: 
    alter table DriverUser_Route 
       add constraint FKj7u40y2fjdh1yjx1yj65w62yn 
       foreign key (route_id) 
       references Route (id)
Hibernate: 
    alter table ItemService 
       add constraint FK3irqogllelbjchciuu8lkqhsa 
       foreign key (purchase_id) 
       references Purchase (id)
Hibernate: 
    alter table ItemService 
       add constraint FK9qy0l54bu71fed4qcr5w2a6jj 
       foreign key (service_id) 
       references Service (id)
Hibernate: 
    alter table Purchase 
       add constraint FKmegulceyii61cx6yvqjk2arme 
       foreign key (route_id) 
       references Route (id)
Hibernate: 
    alter table Purchase 
       add constraint FKdukhkwen2608e4liccoh1w3lb 
       foreign key (user_id) 
       references User (id)
Hibernate: 
    alter table Review 
       add constraint FKllu3c5acfdsewb2fg2s1e0dfd 
       foreign key (purchase_id) 
       references Purchase (id)
Hibernate: 
    alter table Service 
       add constraint FK7r8rfu8lnotaryukymhmmt4x2 
       foreign key (supplier_id) 
       references Supplier (id)
Hibernate: 
    alter table Stop 
       add constraint FK74wbrtwd0buwa6pm5wcr6idr3 
       foreign key (route_id) 
       references Route (id)
Hibernate: 
    alter table TourGuideUser_Route 
       add constraint FKojswp76ghuur11t7tky65mai1 
       foreign key (tour_guide_id) 
       references User (id)
Hibernate: 
    alter table TourGuideUser_Route 
       add constraint FKsrb7bac0uiq5sycydgbgxxyiu 
       foreign key (route_id) 
       references Route (id)
Hibernate: 
    select
        s1_0.id,
        s1_0.authorizationNumber,
        s1_0.businessName 
    from
        Supplier s1_0 
    where
        s1_0.authorizationNumber=?
Hibernate: 
    insert 
    into
        Supplier
        (authorizationNumber, businessName) 
    values
        (?, ?)
Hibernate: 
    select
        s1_0.id,
        s1_0.authorizationNumber,
        s1_0.businessName 
    from
        Supplier s1_0 
    where
        s1_0.authorizationNumber=?
Hibernate: 
    insert 
    into
        Supplier
        (authorizationNumber, businessName) 
    values
        (?, ?)
Hibernate: 
    select
        s1_0.id,
        s1_0.authorizationNumber,
        s1_0.businessName 
    from
        Supplier s1_0 
    where
        s1_0.authorizationNumber=?
Hibernate: 
    insert 
    into
        Supplier
        (authorizationNumber, businessName) 
    values
        (?, ?)
Hibernate: 
    select
        s1_0.id,
        s1_0.authorizationNumber,
        s1_0.businessName 
    from
        Supplier s1_0 
    where
        s1_0.authorizationNumber=?
Hibernate: 
    insert 
    into
        Supplier
        (authorizationNumber, businessName) 
    values
        (?, ?)
Hibernate: 
    select
        s1_0.id,
        s1_0.authorizationNumber,
        s1_0.businessName 
    from
        Supplier s1_0 
    where
        s1_0.authorizationNumber=?
Hibernate: 
    insert 
    into
        Supplier
        (authorizationNumber, businessName) 
    values
        (?, ?)
Hibernate: 
    insert 
    into
        Service
        (description, name, price, supplier_id) 
    values
        (?, ?, ?, ?)
Hibernate: 
    insert 
    into
        Service
        (description, name, price, supplier_id) 
    values
        (?, ?, ?, ?)
Hibernate: 
    insert 
    into
        Service
        (description, name, price, supplier_id) 
    values
        (?, ?, ?, ?)
Hibernate: 
    insert 
    into
        Service
        (description, name, price, supplier_id) 
    values
        (?, ?, ?, ?)
Hibernate: 
    insert 
    into
        Service
        (description, name, price, supplier_id) 
    values
        (?, ?, ?, ?)
Hibernate: 
    insert 
    into
        Service
        (description, name, price, supplier_id) 
    values
        (?, ?, ?, ?)
Hibernate: 
    insert 
    into
        Service
        (description, name, price, supplier_id) 
    values
        (?, ?, ?, ?)
Hibernate: 
    insert 
    into
        Service
        (description, name, price, supplier_id) 
    values
        (?, ?, ?, ?)
Hibernate: 
    insert 
    into
        Service
        (description, name, price, supplier_id) 
    values
        (?, ?, ?, ?)
Hibernate: 
    insert 
    into
        Stop
        (description, name) 
    values
        (?, ?)
Hibernate: 
    insert 
    into
        Stop
        (description, name) 
    values
        (?, ?)
Hibernate: 
    insert 
    into
        Stop
        (description, name) 
    values
        (?, ?)
Hibernate: 
    insert 
    into
        Stop
        (description, name) 
    values
        (?, ?)
Hibernate: 
    insert 
    into
        Stop
        (description, name) 
    values
        (?, ?)
Hibernate: 
    insert 
    into
        Stop
        (description, name) 
    values
        (?, ?)
Hibernate: 
    insert 
    into
        Stop
        (description, name) 
    values
        (?, ?)
Hibernate: 
    insert 
    into
        Stop
        (description, name) 
    values
        (?, ?)
Hibernate: 
    insert 
    into
        Stop
        (description, name) 
    values
        (?, ?)
Hibernate: 
    insert 
    into
        Stop
        (description, name) 
    values
        (?, ?)
Hibernate: 
    insert 
    into
        Stop
        (description, name) 
    values
        (?, ?)
Hibernate: 
    insert 
    into
        Stop
        (description, name) 
    values
        (?, ?)
Hibernate: 
    insert 
    into
        Stop
        (description, name) 
    values
        (?, ?)
Hibernate: 
    insert 
    into
        Stop
        (description, name) 
    values
        (?, ?)
Hibernate: 
    insert 
    into
        Stop
        (description, name) 
    values
        (?, ?)
Hibernate: 
    insert 
    into
        Stop
        (description, name) 
    values
        (?, ?)
Hibernate: 
    insert 
    into
        Stop
        (description, name) 
    values
        (?, ?)
Hibernate: 
    insert 
    into
        Stop
        (description, name) 
    values
        (?, ?)
Hibernate: 
    insert 
    into
        Stop
        (description, name) 
    values
        (?, ?)
Hibernate: 
    insert 
    into
        Stop
        (description, name) 
    values
        (?, ?)
Hibernate: 
    select
        u1_0.id,
        u1_0.TIPO_USUARIO,
        u1_0.active,
        u1_0.birthdate,
        u1_0.email,
        u1_0.name,
        u1_0.password,
        u1_0.phoneNumber,
        u1_0.username,
        u1_0.expedient,
        u1_0.education 
    from
        User u1_0 
    where
        u1_0.username=?
Hibernate: 
    insert 
    into
        User
        (active, birthdate, email, name, password, phoneNumber, username, TIPO_USUARIO) 
    values
        (?, ?, ?, ?, ?, ?, ?, 'User')
Hibernate: 
    select
        u1_0.id,
        u1_0.TIPO_USUARIO,
        u1_0.active,
        u1_0.birthdate,
        u1_0.email,
        u1_0.name,
        u1_0.password,
        u1_0.phoneNumber,
        u1_0.username,
        u1_0.expedient,
        u1_0.education 
    from
        User u1_0 
    where
        u1_0.username=?
Hibernate: 
    insert 
    into
        User
        (active, birthdate, email, name, password, phoneNumber, username, TIPO_USUARIO) 
    values
        (?, ?, ?, ?, ?, ?, ?, 'User')
Hibernate: 
    select
        u1_0.id,
        u1_0.TIPO_USUARIO,
        u1_0.active,
        u1_0.birthdate,
        u1_0.email,
        u1_0.name,
        u1_0.password,
        u1_0.phoneNumber,
        u1_0.username,
        u1_0.expedient,
        u1_0.education 
    from
        User u1_0 
    where
        u1_0.username=?
Hibernate: 
    insert 
    into
        User
        (active, birthdate, email, name, password, phoneNumber, username, TIPO_USUARIO) 
    values
        (?, ?, ?, ?, ?, ?, ?, 'User')
Hibernate: 
    select
        u1_0.id,
        u1_0.TIPO_USUARIO,
        u1_0.active,
        u1_0.birthdate,
        u1_0.email,
        u1_0.name,
        u1_0.password,
        u1_0.phoneNumber,
        u1_0.username,
        u1_0.expedient,
        u1_0.education 
    from
        User u1_0 
    where
        u1_0.username=?
Hibernate: 
    insert 
    into
        User
        (active, birthdate, email, name, password, phoneNumber, username, TIPO_USUARIO) 
    values
        (?, ?, ?, ?, ?, ?, ?, 'User')
Hibernate: 
    select
        u1_0.id,
        u1_0.TIPO_USUARIO,
        u1_0.active,
        u1_0.birthdate,
        u1_0.email,
        u1_0.name,
        u1_0.password,
        u1_0.phoneNumber,
        u1_0.username,
        u1_0.expedient,
        u1_0.education 
    from
        User u1_0 
    where
        u1_0.username=?
Hibernate: 
    insert 
    into
        User
        (active, birthdate, email, name, password, phoneNumber, username, TIPO_USUARIO) 
    values
        (?, ?, ?, ?, ?, ?, ?, 'User')
Hibernate: 
    select
        u1_0.id,
        u1_0.TIPO_USUARIO,
        u1_0.active,
        u1_0.birthdate,
        u1_0.email,
        u1_0.name,
        u1_0.password,
        u1_0.phoneNumber,
        u1_0.username,
        u1_0.expedient,
        u1_0.education 
    from
        User u1_0 
    where
        u1_0.username=?
Hibernate: 
    insert 
    into
        User
        (active, birthdate, email, name, password, phoneNumber, username, TIPO_USUARIO) 
    values
        (?, ?, ?, ?, ?, ?, ?, 'User')
Hibernate: 
    select
        u1_0.id,
        u1_0.TIPO_USUARIO,
        u1_0.active,
        u1_0.birthdate,
        u1_0.email,
        u1_0.name,
        u1_0.password,
        u1_0.phoneNumber,
        u1_0.username,
        u1_0.expedient,
        u1_0.education 
    from
        User u1_0 
    where
        u1_0.username=?
Hibernate: 
    insert 
    into
        User
        (active, birthdate, email, name, password, phoneNumber, username, TIPO_USUARIO) 
    values
        (?, ?, ?, ?, ?, ?, ?, 'User')
Hibernate: 
    select
        u1_0.id,
        u1_0.TIPO_USUARIO,
        u1_0.active,
        u1_0.birthdate,
        u1_0.email,
        u1_0.name,
        u1_0.password,
        u1_0.phoneNumber,
        u1_0.username,
        u1_0.expedient,
        u1_0.education 
    from
        User u1_0 
    where
        u1_0.username=?
Hibernate: 
    insert 
    into
        User
        (active, birthdate, email, name, password, phoneNumber, username, TIPO_USUARIO) 
    values
        (?, ?, ?, ?, ?, ?, ?, 'User')
Hibernate: 
    select
        u1_0.id,
        u1_0.TIPO_USUARIO,
        u1_0.active,
        u1_0.birthdate,
        u1_0.email,
        u1_0.name,
        u1_0.password,
        u1_0.phoneNumber,
        u1_0.username,
        u1_0.expedient,
        u1_0.education 
    from
        User u1_0 
    where
        u1_0.username=?
Hibernate: 
    insert 
    into
        User
        (active, birthdate, email, name, password, phoneNumber, username, TIPO_USUARIO) 
    values
        (?, ?, ?, ?, ?, ?, ?, 'User')
Hibernate: 
    select
        u1_0.id,
        u1_0.TIPO_USUARIO,
        u1_0.active,
        u1_0.birthdate,
        u1_0.email,
        u1_0.name,
        u1_0.password,
        u1_0.phoneNumber,
        u1_0.username,
        u1_0.expedient,
        u1_0.education 
    from
        User u1_0 
    where
        u1_0.username=?
Hibernate: 
    insert 
    into
        User
        (active, birthdate, email, name, password, phoneNumber, username, TIPO_USUARIO) 
    values
        (?, ?, ?, ?, ?, ?, ?, 'User')
Hibernate: 
    select
        u1_0.id,
        u1_0.TIPO_USUARIO,
        u1_0.active,
        u1_0.birthdate,
        u1_0.email,
        u1_0.name,
        u1_0.password,
        u1_0.phoneNumber,
        u1_0.username,
        u1_0.expedient,
        u1_0.education 
    from
        User u1_0 
    where
        u1_0.username=?
Hibernate: 
    insert 
    into
        User
        (active, birthdate, email, name, password, phoneNumber, username, expedient, TIPO_USUARIO) 
    values
        (?, ?, ?, ?, ?, ?, ?, ?, 'DRIVER')
Hibernate: 
    select
        u1_0.id,
        u1_0.TIPO_USUARIO,
        u1_0.active,
        u1_0.birthdate,
        u1_0.email,
        u1_0.name,
        u1_0.password,
        u1_0.phoneNumber,
        u1_0.username,
        u1_0.expedient,
        u1_0.education 
    from
        User u1_0 
    where
        u1_0.username=?
Hibernate: 
    insert 
    into
        User
        (active, birthdate, email, name, password, phoneNumber, username, expedient, TIPO_USUARIO) 
    values
        (?, ?, ?, ?, ?, ?, ?, ?, 'DRIVER')
Hibernate: 
    select
        u1_0.id,
        u1_0.TIPO_USUARIO,
        u1_0.active,
        u1_0.birthdate,
        u1_0.email,
        u1_0.name,
        u1_0.password,
        u1_0.phoneNumber,
        u1_0.username,
        u1_0.expedient,
        u1_0.education 
    from
        User u1_0 
    where
        u1_0.username=?
Hibernate: 
    insert 
    into
        User
        (active, birthdate, email, name, password, phoneNumber, username, expedient, TIPO_USUARIO) 
    values
        (?, ?, ?, ?, ?, ?, ?, ?, 'DRIVER')
Hibernate: 
    select
        u1_0.id,
        u1_0.TIPO_USUARIO,
        u1_0.active,
        u1_0.birthdate,
        u1_0.email,
        u1_0.name,
        u1_0.password,
        u1_0.phoneNumber,
        u1_0.username,
        u1_0.expedient,
        u1_0.education 
    from
        User u1_0 
    where
        u1_0.username=?
Hibernate: 
    insert 
    into
        User
        (active, birthdate, email, name, password, phoneNumber, username, expedient, TIPO_USUARIO) 
    values
        (?, ?, ?, ?, ?, ?, ?, ?, 'DRIVER')
Hibernate: 
    select
        u1_0.id,
        u1_0.TIPO_USUARIO,
        u1_0.active,
        u1_0.birthdate,
        u1_0.email,
        u1_0.name,
        u1_0.password,
        u1_0.phoneNumber,
        u1_0.username,
        u1_0.expedient,
        u1_0.education 
    from
        User u1_0 
    where
        u1_0.username=?
Hibernate: 
    insert 
    into
        User
        (active, birthdate, email, name, password, phoneNumber, username, education, TIPO_USUARIO) 
    values
        (?, ?, ?, ?, ?, ?, ?, ?, 'TOUR_GUIDE')
Hibernate: 
    select
        u1_0.id,
        u1_0.TIPO_USUARIO,
        u1_0.active,
        u1_0.birthdate,
        u1_0.email,
        u1_0.name,
        u1_0.password,
        u1_0.phoneNumber,
        u1_0.username,
        u1_0.expedient,
        u1_0.education 
    from
        User u1_0 
    where
        u1_0.username=?
Hibernate: 
    insert 
    into
        User
        (active, birthdate, email, name, password, phoneNumber, username, education, TIPO_USUARIO) 
    values
        (?, ?, ?, ?, ?, ?, ?, ?, 'TOUR_GUIDE')
Hibernate: 
    select
        u1_0.id,
        u1_0.TIPO_USUARIO,
        u1_0.active,
        u1_0.birthdate,
        u1_0.email,
        u1_0.name,
        u1_0.password,
        u1_0.phoneNumber,
        u1_0.username,
        u1_0.expedient,
        u1_0.education 
    from
        User u1_0 
    where
        u1_0.username=?
Hibernate: 
    insert 
    into
        User
        (active, birthdate, email, name, password, phoneNumber, username, education, TIPO_USUARIO) 
    values
        (?, ?, ?, ?, ?, ?, ?, ?, 'TOUR_GUIDE')
Hibernate: 
    select
        u1_0.id,
        u1_0.TIPO_USUARIO,
        u1_0.active,
        u1_0.birthdate,
        u1_0.email,
        u1_0.name,
        u1_0.password,
        u1_0.phoneNumber,
        u1_0.username,
        u1_0.expedient,
        u1_0.education 
    from
        User u1_0 
    where
        u1_0.username=?
Hibernate: 
    insert 
    into
        User
        (active, birthdate, email, name, password, phoneNumber, username, education, TIPO_USUARIO) 
    values
        (?, ?, ?, ?, ?, ?, ?, ?, 'TOUR_GUIDE')
Hibernate: 
    insert 
    into
        Route
        (maxNumberUsers, name, price, totalKm) 
    values
        (?, ?, ?, ?)
Hibernate: 
    insert 
    into
        Route
        (maxNumberUsers, name, price, totalKm) 
    values
        (?, ?, ?, ?)
Hibernate: 
    insert 
    into
        Route
        (maxNumberUsers, name, price, totalKm) 
    values
        (?, ?, ?, ?)
Hibernate: 
    insert 
    into
        Route
        (maxNumberUsers, name, price, totalKm) 
    values
        (?, ?, ?, ?)
Hibernate: 
    insert 
    into
        Route
        (maxNumberUsers, name, price, totalKm) 
    values
        (?, ?, ?, ?)
Hibernate: 
    insert 
    into
        Purchase
        (code, date, route_id, totalPrice, user_id) 
    values
        (?, ?, ?, ?, ?)
Hibernate: 
    select
        u1_0.id,
        u1_0.TIPO_USUARIO,
        u1_0.active,
        u1_0.birthdate,
        u1_0.email,
        u1_0.name,
        u1_0.password,
        u1_0.phoneNumber,
        u1_0.username,
        u1_0.expedient,
        u1_0.education 
    from
        User u1_0 
    where
        u1_0.id=?
Hibernate: 
    insert 
    into
        Purchase
        (code, date, route_id, totalPrice, user_id) 
    values
        (?, ?, ?, ?, ?)
Hibernate: 
    select
        u1_0.id,
        u1_0.TIPO_USUARIO,
        u1_0.active,
        u1_0.birthdate,
        u1_0.email,
        u1_0.name,
        u1_0.password,
        u1_0.phoneNumber,
        u1_0.username,
        u1_0.expedient,
        u1_0.education 
    from
        User u1_0 
    where
        u1_0.id=?
Hibernate: 
    insert 
    into
        Purchase
        (code, date, route_id, totalPrice, user_id) 
    values
        (?, ?, ?, ?, ?)
Hibernate: 
    select
        u1_0.id,
        u1_0.TIPO_USUARIO,
        u1_0.active,
        u1_0.birthdate,
        u1_0.email,
        u1_0.name,
        u1_0.password,
        u1_0.phoneNumber,
        u1_0.username,
        u1_0.expedient,
        u1_0.education 
    from
        User u1_0 
    where
        u1_0.id=?
Hibernate: 
    insert 
    into
        Purchase
        (code, date, route_id, totalPrice, user_id) 
    values
        (?, ?, ?, ?, ?)
Hibernate: 
    select
        u1_0.id,
        u1_0.TIPO_USUARIO,
        u1_0.active,
        u1_0.birthdate,
        u1_0.email,
        u1_0.name,
        u1_0.password,
        u1_0.phoneNumber,
        u1_0.username,
        u1_0.expedient,
        u1_0.education 
    from
        User u1_0 
    where
        u1_0.id=?
Hibernate: 
    insert 
    into
        Purchase
        (code, date, route_id, totalPrice, user_id) 
    values
        (?, ?, ?, ?, ?)
Hibernate: 
    select
        u1_0.id,
        u1_0.TIPO_USUARIO,
        u1_0.active,
        u1_0.birthdate,
        u1_0.email,
        u1_0.name,
        u1_0.password,
        u1_0.phoneNumber,
        u1_0.username,
        u1_0.expedient,
        u1_0.education 
    from
        User u1_0 
    where
        u1_0.id=?
Hibernate: 
    insert 
    into
        Purchase
        (code, date, route_id, totalPrice, user_id) 
    values
        (?, ?, ?, ?, ?)
Hibernate: 
    select
        u1_0.id,
        u1_0.TIPO_USUARIO,
        u1_0.active,
        u1_0.birthdate,
        u1_0.email,
        u1_0.name,
        u1_0.password,
        u1_0.phoneNumber,
        u1_0.username,
        u1_0.expedient,
        u1_0.education 
    from
        User u1_0 
    where
        u1_0.id=?
Hibernate: 
    insert 
    into
        Purchase
        (code, date, route_id, totalPrice, user_id) 
    values
        (?, ?, ?, ?, ?)
Hibernate: 
    select
        u1_0.id,
        u1_0.TIPO_USUARIO,
        u1_0.active,
        u1_0.birthdate,
        u1_0.email,
        u1_0.name,
        u1_0.password,
        u1_0.phoneNumber,
        u1_0.username,
        u1_0.expedient,
        u1_0.education 
    from
        User u1_0 
    where
        u1_0.id=?
Hibernate: 
    insert 
    into
        Purchase
        (code, date, route_id, totalPrice, user_id) 
    values
        (?, ?, ?, ?, ?)
Hibernate: 
    select
        u1_0.id,
        u1_0.TIPO_USUARIO,
        u1_0.active,
        u1_0.birthdate,
        u1_0.email,
        u1_0.name,
        u1_0.password,
        u1_0.phoneNumber,
        u1_0.username,
        u1_0.expedient,
        u1_0.education 
    from
        User u1_0 
    where
        u1_0.id=?
Hibernate: 
    insert 
    into
        Purchase
        (code, date, route_id, totalPrice, user_id) 
    values
        (?, ?, ?, ?, ?)
Hibernate: 
    select
        u1_0.id,
        u1_0.TIPO_USUARIO,
        u1_0.active,
        u1_0.birthdate,
        u1_0.email,
        u1_0.name,
        u1_0.password,
        u1_0.phoneNumber,
        u1_0.username,
        u1_0.expedient,
        u1_0.education 
    from
        User u1_0 
    where
        u1_0.id=?
Hibernate: 
    insert 
    into
        Purchase
        (code, date, route_id, totalPrice, user_id) 
    values
        (?, ?, ?, ?, ?)
Hibernate: 
    select
        u1_0.id,
        u1_0.TIPO_USUARIO,
        u1_0.active,
        u1_0.birthdate,
        u1_0.email,
        u1_0.name,
        u1_0.password,
        u1_0.phoneNumber,
        u1_0.username,
        u1_0.expedient,
        u1_0.education 
    from
        User u1_0 
    where
        u1_0.id=?
Hibernate: 
    insert 
    into
        Purchase
        (code, date, route_id, totalPrice, user_id) 
    values
        (?, ?, ?, ?, ?)
Hibernate: 
    select
        u1_0.id,
        u1_0.TIPO_USUARIO,
        u1_0.active,
        u1_0.birthdate,
        u1_0.email,
        u1_0.name,
        u1_0.password,
        u1_0.phoneNumber,
        u1_0.username,
        u1_0.expedient,
        u1_0.education 
    from
        User u1_0 
    where
        u1_0.id=?
Hibernate: 
    insert 
    into
        Purchase
        (code, date, route_id, totalPrice, user_id) 
    values
        (?, ?, ?, ?, ?)
Hibernate: 
    select
        u1_0.id,
        u1_0.TIPO_USUARIO,
        u1_0.active,
        u1_0.birthdate,
        u1_0.email,
        u1_0.name,
        u1_0.password,
        u1_0.phoneNumber,
        u1_0.username,
        u1_0.expedient,
        u1_0.education 
    from
        User u1_0 
    where
        u1_0.id=?
Hibernate: 
    insert 
    into
        Purchase
        (code, date, route_id, totalPrice, user_id) 
    values
        (?, ?, ?, ?, ?)
Hibernate: 
    select
        u1_0.id,
        u1_0.TIPO_USUARIO,
        u1_0.active,
        u1_0.birthdate,
        u1_0.email,
        u1_0.name,
        u1_0.password,
        u1_0.phoneNumber,
        u1_0.username,
        u1_0.expedient,
        u1_0.education 
    from
        User u1_0 
    where
        u1_0.id=?
Hibernate: 
    insert 
    into
        Purchase
        (code, date, route_id, totalPrice, user_id) 
    values
        (?, ?, ?, ?, ?)
Hibernate: 
    select
        u1_0.id,
        u1_0.TIPO_USUARIO,
        u1_0.active,
        u1_0.birthdate,
        u1_0.email,
        u1_0.name,
        u1_0.password,
        u1_0.phoneNumber,
        u1_0.username,
        u1_0.expedient,
        u1_0.education 
    from
        User u1_0 
    where
        u1_0.id=?
Hibernate: 
    insert 
    into
        Purchase
        (code, date, route_id, totalPrice, user_id) 
    values
        (?, ?, ?, ?, ?)
Hibernate: 
    select
        u1_0.id,
        u1_0.TIPO_USUARIO,
        u1_0.active,
        u1_0.birthdate,
        u1_0.email,
        u1_0.name,
        u1_0.password,
        u1_0.phoneNumber,
        u1_0.username,
        u1_0.expedient,
        u1_0.education 
    from
        User u1_0 
    where
        u1_0.id=?
Hibernate: 
    insert 
    into
        Purchase
        (code, date, route_id, totalPrice, user_id) 
    values
        (?, ?, ?, ?, ?)
Hibernate: 
    select
        u1_0.id,
        u1_0.TIPO_USUARIO,
        u1_0.active,
        u1_0.birthdate,
        u1_0.email,
        u1_0.name,
        u1_0.password,
        u1_0.phoneNumber,
        u1_0.username,
        u1_0.expedient,
        u1_0.education 
    from
        User u1_0 
    where
        u1_0.id=?
Hibernate: 
    insert 
    into
        Purchase
        (code, date, route_id, totalPrice, user_id) 
    values
        (?, ?, ?, ?, ?)
Hibernate: 
    select
        u1_0.id,
        u1_0.TIPO_USUARIO,
        u1_0.active,
        u1_0.birthdate,
        u1_0.email,
        u1_0.name,
        u1_0.password,
        u1_0.phoneNumber,
        u1_0.username,
        u1_0.expedient,
        u1_0.education 
    from
        User u1_0 
    where
        u1_0.id=?
Hibernate: 
    insert 
    into
        Purchase
        (code, date, route_id, totalPrice, user_id) 
    values
        (?, ?, ?, ?, ?)
Hibernate: 
    select
        u1_0.id,
        u1_0.TIPO_USUARIO,
        u1_0.active,
        u1_0.birthdate,
        u1_0.email,
        u1_0.name,
        u1_0.password,
        u1_0.phoneNumber,
        u1_0.username,
        u1_0.expedient,
        u1_0.education 
    from
        User u1_0 
    where
        u1_0.id=?
Hibernate: 
    insert 
    into
        Purchase
        (code, date, route_id, totalPrice, user_id) 
    values
        (?, ?, ?, ?, ?)
Hibernate: 
    select
        u1_0.id,
        u1_0.TIPO_USUARIO,
        u1_0.active,
        u1_0.birthdate,
        u1_0.email,
        u1_0.name,
        u1_0.password,
        u1_0.phoneNumber,
        u1_0.username,
        u1_0.expedient,
        u1_0.education 
    from
        User u1_0 
    where
        u1_0.id=?
Hibernate: 
    insert 
    into
        Purchase
        (code, date, route_id, totalPrice, user_id) 
    values
        (?, ?, ?, ?, ?)
Hibernate: 
    select
        u1_0.id,
        u1_0.TIPO_USUARIO,
        u1_0.active,
        u1_0.birthdate,
        u1_0.email,
        u1_0.name,
        u1_0.password,
        u1_0.phoneNumber,
        u1_0.username,
        u1_0.expedient,
        u1_0.education 
    from
        User u1_0 
    where
        u1_0.id=?
Hibernate: 
    insert 
    into
        ItemService
        (purchase_id, quantity, service_id) 
    values
        (?, ?, ?)
Hibernate: 
    insert 
    into
        ItemService
        (purchase_id, quantity, service_id) 
    values
        (?, ?, ?)
Hibernate: 
    insert 
    into
        ItemService
        (purchase_id, quantity, service_id) 
    values
        (?, ?, ?)
Hibernate: 
    insert 
    into
        ItemService
        (purchase_id, quantity, service_id) 
    values
        (?, ?, ?)
Hibernate: 
    insert 
    into
        ItemService
        (purchase_id, quantity, service_id) 
    values
        (?, ?, ?)
Hibernate: 
    insert 
    into
        ItemService
        (purchase_id, quantity, service_id) 
    values
        (?, ?, ?)
Hibernate: 
    insert 
    into
        ItemService
        (purchase_id, quantity, service_id) 
    values
        (?, ?, ?)
Hibernate: 
    insert 
    into
        ItemService
        (purchase_id, quantity, service_id) 
    values
        (?, ?, ?)
Hibernate: 
    insert 
    into
        ItemService
        (purchase_id, quantity, service_id) 
    values
        (?, ?, ?)
Hibernate: 
    insert 
    into
        ItemService
        (purchase_id, quantity, service_id) 
    values
        (?, ?, ?)
Hibernate: 
    insert 
    into
        ItemService
        (purchase_id, quantity, service_id) 
    values
        (?, ?, ?)
Hibernate: 
    insert 
    into
        ItemService
        (purchase_id, quantity, service_id) 
    values
        (?, ?, ?)
Hibernate: 
    insert 
    into
        ItemService
        (purchase_id, quantity, service_id) 
    values
        (?, ?, ?)
Hibernate: 
    insert 
    into
        ItemService
        (purchase_id, quantity, service_id) 
    values
        (?, ?, ?)
Hibernate: 
    insert 
    into
        ItemService
        (purchase_id, quantity, service_id) 
    values
        (?, ?, ?)
Hibernate: 
    insert 
    into
        ItemService
        (purchase_id, quantity, service_id) 
    values
        (?, ?, ?)
Hibernate: 
    insert 
    into
        ItemService
        (purchase_id, quantity, service_id) 
    values
        (?, ?, ?)
Hibernate: 
    insert 
    into
        ItemService
        (purchase_id, quantity, service_id) 
    values
        (?, ?, ?)
Hibernate: 
    insert 
    into
        ItemService
        (purchase_id, quantity, service_id) 
    values
        (?, ?, ?)
Hibernate: 
    insert 
    into
        ItemService
        (purchase_id, quantity, service_id) 
    values
        (?, ?, ?)
Hibernate: 
    insert 
    into
        ItemService
        (purchase_id, quantity, service_id) 
    values
        (?, ?, ?)
Hibernate: 
    insert 
    into
        ItemService
        (purchase_id, quantity, service_id) 
    values
        (?, ?, ?)
Hibernate: 
    insert 
    into
        ItemService
        (purchase_id, quantity, service_id) 
    values
        (?, ?, ?)
Hibernate: 
    insert 
    into
        ItemService
        (purchase_id, quantity, service_id) 
    values
        (?, ?, ?)
Hibernate: 
    insert 
    into
        Review
        (comment, purchase_id, rating) 
    values
        (?, ?, ?)
Hibernate: 
    insert 
    into
        Review
        (comment, purchase_id, rating) 
    values
        (?, ?, ?)
Hibernate: 
    insert 
    into
        Review
        (comment, purchase_id, rating) 
    values
        (?, ?, ?)
Hibernate: 
    insert 
    into
        Review
        (comment, purchase_id, rating) 
    values
        (?, ?, ?)
Hibernate: 
    insert 
    into
        Review
        (comment, purchase_id, rating) 
    values
        (?, ?, ?)
Hibernate: 
    insert 
    into
        Review
        (comment, purchase_id, rating) 
    values
        (?, ?, ?)
Hibernate: 
    insert 
    into
        Review
        (comment, purchase_id, rating) 
    values
        (?, ?, ?)
Hibernate: 
    insert 
    into
        Review
        (comment, purchase_id, rating) 
    values
        (?, ?, ?)
Hibernate: 
    insert 
    into
        Review
        (comment, purchase_id, rating) 
    values
        (?, ?, ?)
Hibernate: 
    insert 
    into
        Review
        (comment, purchase_id, rating) 
    values
        (?, ?, ?)
Hibernate: 
    insert 
    into
        Review
        (comment, purchase_id, rating) 
    values
        (?, ?, ?)
Hibernate: 
    insert 
    into
        Review
        (comment, purchase_id, rating) 
    values
        (?, ?, ?)
Hibernate: 
    insert 
    into
        Review
        (comment, purchase_id, rating) 
    values
        (?, ?, ?)
Hibernate: 
    insert 
    into
        Review
        (comment, purchase_id, rating) 
    values
        (?, ?, ?)
Hibernate: 
    insert 
    into
        Review
        (comment, purchase_id, rating) 
    values
        (?, ?, ?)
Hibernate: 
    insert 
    into
        Review
        (comment, purchase_id, rating) 
    values
        (?, ?, ?)
Hibernate: 
    insert 
    into
        DriverUser_Route
        (route_id, driver_id) 
    values
        (?, ?)
Hibernate: 
    insert 
    into
        DriverUser_Route
        (route_id, driver_id) 
    values
        (?, ?)
Hibernate: 
    update
        Stop 
    set
        route_id=? 
    where
        id=?
Hibernate: 
    update
        Stop 
    set
        route_id=? 
    where
        id=?
Hibernate: 
    update
        Stop 
    set
        route_id=? 
    where
        id=?
Hibernate: 
    update
        Stop 
    set
        route_id=? 
    where
        id=?
Hibernate: 
    update
        Stop 
    set
        route_id=? 
    where
        id=?
Hibernate: 
    update
        Stop 
    set
        route_id=? 
    where
        id=?
Hibernate: 
    update
        Stop 
    set
        route_id=? 
    where
        id=?
Hibernate: 
    update
        Stop 
    set
        route_id=? 
    where
        id=?
Hibernate: 
    update
        Stop 
    set
        route_id=? 
    where
        id=?
Hibernate: 
    insert 
    into
        TourGuideUser_Route
        (route_id, tour_guide_id) 
    values
        (?, ?)
Hibernate: 
    insert 
    into
        DriverUser_Route
        (route_id, driver_id) 
    values
        (?, ?)
Hibernate: 
    insert 
    into
        DriverUser_Route
        (route_id, driver_id) 
    values
        (?, ?)
Hibernate: 
    update
        Stop 
    set
        route_id=? 
    where
        id=?
Hibernate: 
    update
        Stop 
    set
        route_id=? 
    where
        id=?
Hibernate: 
    update
        Stop 
    set
        route_id=? 
    where
        id=?
Hibernate: 
    update
        Stop 
    set
        route_id=? 
    where
        id=?
Hibernate: 
    update
        Stop 
    set
        route_id=? 
    where
        id=?
Hibernate: 
    update
        Stop 
    set
        route_id=? 
    where
        id=?
Hibernate: 
    insert 
    into
        TourGuideUser_Route
        (route_id, tour_guide_id) 
    values
        (?, ?)
Hibernate: 
    insert 
    into
        TourGuideUser_Route
        (route_id, tour_guide_id) 
    values
        (?, ?)
Hibernate: 
    insert 
    into
        DriverUser_Route
        (route_id, driver_id) 
    values
        (?, ?)
Hibernate: 
    update
        Stop 
    set
        route_id=? 
    where
        id=?
Hibernate: 
    update
        Stop 
    set
        route_id=? 
    where
        id=?
Hibernate: 
    update
        Stop 
    set
        route_id=? 
    where
        id=?
Hibernate: 
    update
        Stop 
    set
        route_id=? 
    where
        id=?
Hibernate: 
    update
        Stop 
    set
        route_id=? 
    where
        id=?
Hibernate: 
    update
        Stop 
    set
        route_id=? 
    where
        id=?
Hibernate: 
    insert 
    into
        TourGuideUser_Route
        (route_id, tour_guide_id) 
    values
        (?, ?)
Hibernate: 
    insert 
    into
        DriverUser_Route
        (route_id, driver_id) 
    values
        (?, ?)
Hibernate: 
    update
        Stop 
    set
        route_id=? 
    where
        id=?
Hibernate: 
    update
        Stop 
    set
        route_id=? 
    where
        id=?
Hibernate: 
    update
        Stop 
    set
        route_id=? 
    where
        id=?
Hibernate: 
    insert 
    into
        TourGuideUser_Route
        (route_id, tour_guide_id) 
    values
        (?, ?)
Hibernate: 
    insert 
    into
        TourGuideUser_Route
        (route_id, tour_guide_id) 
    values
        (?, ?)
Hibernate: 
    update
        Stop 
    set
        route_id=? 
    where
        id=?
Hibernate: 
    update
        Stop 
    set
        route_id=? 
    where
        id=?
Hibernate: 
    select
        r1_0.id,
        r1_0.maxNumberUsers,
        r1_0.name,
        r1_0.price,
        r1_0.totalKm 
    from
        Route r1_0 
    left join
        Purchase p1_0 
            on r1_0.id=p1_0.route_id 
    where
        p1_0.id is null
]]></system-out>
  </testcase>
  <testcase name="getAllPurchasesOfUsernameTest" classname="unlp.info.bd2.ToursQuerysTests" time="0.013">
    <error message="No default constructor for entity &apos;unlp.info.bd2.model.Purchase&apos;" type="org.hibernate.InstantiationException"><![CDATA[org.hibernate.InstantiationException: No default constructor for entity 'unlp.info.bd2.model.Purchase'
	at org.hibernate.metamodel.internal.EntityInstantiatorPojoStandard.instantiate(EntityInstantiatorPojoStandard.java:93)
	at org.hibernate.persister.entity.AbstractEntityPersister.instantiate(AbstractEntityPersister.java:4586)
	at org.hibernate.internal.SessionImpl.instantiate(SessionImpl.java:1463)
	at org.hibernate.sql.results.graph.entity.AbstractEntityInitializer.instantiateEntity(AbstractEntityInitializer.java:691)
	at org.hibernate.sql.results.graph.entity.AbstractEntityInitializer.resolveEntityInstance(AbstractEntityInitializer.java:684)
	at org.hibernate.sql.results.graph.entity.AbstractEntityInitializer.resolveInstance(AbstractEntityInitializer.java:650)
	at org.hibernate.sql.results.graph.entity.AbstractEntityInitializer.resolveEntityInstance(AbstractEntityInitializer.java:568)
	at org.hibernate.sql.results.graph.entity.AbstractEntityInitializer.resolveInstance(AbstractEntityInitializer.java:403)
	at org.hibernate.sql.results.internal.InitializersList.resolveInstances(InitializersList.java:88)
	at org.hibernate.sql.results.internal.StandardRowReader.coordinateInitializers(StandardRowReader.java:108)
	at org.hibernate.sql.results.internal.StandardRowReader.readRow(StandardRowReader.java:86)
	at org.hibernate.sql.results.spi.ListResultsConsumer.consume(ListResultsConsumer.java:203)
	at org.hibernate.sql.results.spi.ListResultsConsumer.consume(ListResultsConsumer.java:33)
	at org.hibernate.sql.exec.internal.JdbcSelectExecutorStandardImpl.doExecuteQuery(JdbcSelectExecutorStandardImpl.java:209)
	at org.hibernate.sql.exec.internal.JdbcSelectExecutorStandardImpl.executeQuery(JdbcSelectExecutorStandardImpl.java:83)
	at org.hibernate.sql.exec.spi.JdbcSelectExecutor.list(JdbcSelectExecutor.java:76)
	at org.hibernate.sql.exec.spi.JdbcSelectExecutor.list(JdbcSelectExecutor.java:65)
	at org.hibernate.query.sqm.internal.ConcreteSqmSelectQueryPlan.lambda$new$2(ConcreteSqmSelectQueryPlan.java:137)
	at org.hibernate.query.sqm.internal.ConcreteSqmSelectQueryPlan.withCacheableSqmInterpretation(ConcreteSqmSelectQueryPlan.java:362)
	at org.hibernate.query.sqm.internal.ConcreteSqmSelectQueryPlan.performList(ConcreteSqmSelectQueryPlan.java:303)
	at org.hibernate.query.sqm.internal.QuerySqmImpl.doList(QuerySqmImpl.java:509)
	at org.hibernate.query.spi.AbstractSelectionQuery.list(AbstractSelectionQuery.java:427)
	at org.hibernate.query.Query.getResultList(Query.java:120)
	at unlp.info.bd2.repositories.ToursRepositoryImpl.getAllPurchasesOfUsername(ToursRepositoryImpl.java:253)
	at unlp.info.bd2.services.ToursServiceImpl.getAllPurchasesOfUsername(ToursServiceImpl.java:214)
	at unlp.info.bd2.ToursQuerysTests.getAllPurchasesOfUsernameTest(ToursQuerysTests.java:56)
	at java.base/java.lang.reflect.Method.invoke(Method.java:580)
	at java.base/java.util.ArrayList.forEach(ArrayList.java:1597)
	at java.base/java.util.ArrayList.forEach(ArrayList.java:1597)
]]></error>
    <system-out><![CDATA[Hibernate: 
    select
        p1_0.id,
        p1_0.code,
        p1_0.date,
        p1_0.route_id,
        p1_0.totalPrice,
        p1_0.user_id 
    from
        Purchase p1_0 
    join
        User u1_0 
            on u1_0.id=p1_0.user_id 
    where
        u1_0.username=?
]]></system-out>
  </testcase>
  <testcase name="getRoutesWithStopTest" classname="unlp.info.bd2.ToursQuerysTests" time="0.057">
    <failure message="expected: &lt;2&gt; but was: &lt;1&gt;" type="org.opentest4j.AssertionFailedError"><![CDATA[org.opentest4j.AssertionFailedError: expected: <2> but was: <1>
	at org.junit.jupiter.api.AssertionFailureBuilder.build(AssertionFailureBuilder.java:151)
	at org.junit.jupiter.api.AssertionFailureBuilder.buildAndThrow(AssertionFailureBuilder.java:132)
	at org.junit.jupiter.api.AssertEquals.failNotEqual(AssertEquals.java:197)
	at org.junit.jupiter.api.AssertEquals.assertEquals(AssertEquals.java:150)
	at org.junit.jupiter.api.AssertEquals.assertEquals(AssertEquals.java:145)
	at org.junit.jupiter.api.Assertions.assertEquals(Assertions.java:531)
	at unlp.info.bd2.ToursQuerysTests.getRoutesWithStopTest(ToursQuerysTests.java:106)
	at java.base/java.lang.reflect.Method.invoke(Method.java:580)
	at java.base/java.util.ArrayList.forEach(ArrayList.java:1597)
	at java.base/java.util.ArrayList.forEach(ArrayList.java:1597)
]]></failure>
    <system-out><![CDATA[Hibernate: 
    select
        s1_0.id,
        s1_0.description,
        s1_0.name 
    from
        Stop s1_0 
    where
        s1_0.name like ? escape ''
Hibernate: 
    select
        s1_0.id,
        s1_0.description,
        s1_0.name 
    from
        Stop s1_0 
    where
        s1_0.name like ? escape ''
Hibernate: 
    select
        s1_0.id,
        s1_0.description,
        s1_0.name 
    from
        Stop s1_0 
    where
        s1_0.name like ? escape ''
Hibernate: 
    select
        r1_0.id,
        r1_0.maxNumberUsers,
        r1_0.name,
        r1_0.price,
        r1_0.totalKm 
    from
        Route r1_0 
    join
        Stop s1_0 
            on r1_0.id=s1_0.route_id 
    where
        s1_0.id=?
]]></system-out>
  </testcase>
  <testcase name="getMaxStopOfRoutesTest" classname="unlp.info.bd2.ToursQuerysTests" time="0.075">
    <error message="JDBC exception executing SQL [select max(count(s1_0.id)) from Route r1_0 join Stop s1_0 on r1_0.id=s1_0.route_id group by r1_0.id] [Invalid use of group function] [n/a]" type="org.hibernate.exception.GenericJDBCException"><![CDATA[org.hibernate.exception.GenericJDBCException: JDBC exception executing SQL [select max(count(s1_0.id)) from Route r1_0 join Stop s1_0 on r1_0.id=s1_0.route_id group by r1_0.id] [Invalid use of group function] [n/a]
	at org.hibernate.exception.internal.StandardSQLExceptionConverter.convert(StandardSQLExceptionConverter.java:63)
	at org.hibernate.engine.jdbc.spi.SqlExceptionHelper.convert(SqlExceptionHelper.java:108)
	at org.hibernate.engine.jdbc.spi.SqlExceptionHelper.convert(SqlExceptionHelper.java:94)
	at org.hibernate.sql.results.jdbc.internal.DeferredResultSetAccess.executeQuery(DeferredResultSetAccess.java:265)
	at org.hibernate.sql.results.jdbc.internal.DeferredResultSetAccess.getResultSet(DeferredResultSetAccess.java:167)
	at org.hibernate.sql.results.jdbc.internal.JdbcValuesResultSetImpl.advanceNext(JdbcValuesResultSetImpl.java:218)
	at org.hibernate.sql.results.jdbc.internal.JdbcValuesResultSetImpl.processNext(JdbcValuesResultSetImpl.java:98)
	at org.hibernate.sql.results.jdbc.internal.AbstractJdbcValues.next(AbstractJdbcValues.java:19)
	at org.hibernate.sql.results.internal.RowProcessingStateStandardImpl.next(RowProcessingStateStandardImpl.java:66)
	at org.hibernate.sql.results.spi.ListResultsConsumer.consume(ListResultsConsumer.java:202)
	at org.hibernate.sql.results.spi.ListResultsConsumer.consume(ListResultsConsumer.java:33)
	at org.hibernate.sql.exec.internal.JdbcSelectExecutorStandardImpl.doExecuteQuery(JdbcSelectExecutorStandardImpl.java:209)
	at org.hibernate.sql.exec.internal.JdbcSelectExecutorStandardImpl.executeQuery(JdbcSelectExecutorStandardImpl.java:83)
	at org.hibernate.sql.exec.spi.JdbcSelectExecutor.list(JdbcSelectExecutor.java:76)
	at org.hibernate.sql.exec.spi.JdbcSelectExecutor.list(JdbcSelectExecutor.java:65)
	at org.hibernate.query.sqm.internal.ConcreteSqmSelectQueryPlan.lambda$new$2(ConcreteSqmSelectQueryPlan.java:137)
	at org.hibernate.query.sqm.internal.ConcreteSqmSelectQueryPlan.withCacheableSqmInterpretation(ConcreteSqmSelectQueryPlan.java:362)
	at org.hibernate.query.sqm.internal.ConcreteSqmSelectQueryPlan.performList(ConcreteSqmSelectQueryPlan.java:303)
	at org.hibernate.query.sqm.internal.QuerySqmImpl.doList(QuerySqmImpl.java:509)
	at org.hibernate.query.spi.AbstractSelectionQuery.list(AbstractSelectionQuery.java:427)
	at org.hibernate.query.spi.AbstractSelectionQuery.getSingleResult(AbstractSelectionQuery.java:564)
	at unlp.info.bd2.repositories.ToursRepositoryImpl.getMaxStopOfRoutes(ToursRepositoryImpl.java:293)
	at unlp.info.bd2.services.ToursServiceImpl.getMaxStopOfRoutes(ToursServiceImpl.java:239)
	at unlp.info.bd2.ToursQuerysTests.getMaxStopOfRoutesTest(ToursQuerysTests.java:117)
	at java.base/java.lang.reflect.Method.invoke(Method.java:580)
	at java.base/java.util.ArrayList.forEach(ArrayList.java:1597)
	at java.base/java.util.ArrayList.forEach(ArrayList.java:1597)
Caused by: java.sql.SQLException: Invalid use of group function
	at com.mysql.cj.jdbc.exceptions.SQLError.createSQLException(SQLError.java:130)
	at com.mysql.cj.jdbc.exceptions.SQLExceptionsMapping.translateException(SQLExceptionsMapping.java:122)
	at com.mysql.cj.jdbc.ClientPreparedStatement.executeInternal(ClientPreparedStatement.java:912)
	at com.mysql.cj.jdbc.ClientPreparedStatement.executeQuery(ClientPreparedStatement.java:968)
	at org.apache.commons.dbcp.DelegatingPreparedStatement.executeQuery(DelegatingPreparedStatement.java:96)
	at org.apache.commons.dbcp.DelegatingPreparedStatement.executeQuery(DelegatingPreparedStatement.java:96)
	at org.hibernate.sql.results.jdbc.internal.DeferredResultSetAccess.executeQuery(DeferredResultSetAccess.java:246)
	... 23 more
]]></error>
    <system-out><![CDATA[Hibernate: 
    select
        max(count(s1_0.id)) 
    from
        Route r1_0 
    join
        Stop s1_0 
            on r1_0.id=s1_0.route_id 
    group by
        r1_0.id
20:18:09.683 [main] WARN org.hibernate.engine.jdbc.spi.SqlExceptionHelper -- SQL Error: 1111, SQLState: HY000
20:18:09.683 [main] ERROR org.hibernate.engine.jdbc.spi.SqlExceptionHelper -- Invalid use of group function
]]></system-out>
  </testcase>
  <testcase name="getTopNSuppliersInPurchasesTest" classname="unlp.info.bd2.ToursQuerysTests" time="0.015">
    <error message="org.hibernate.query.PathException: Plural path &apos;unlp.info.bd2.model.Purchase(p).itemServiceList&apos; refers to a collection and so element attribute &apos;service&apos; may not be referenced directly (use element() function)" type="java.lang.IllegalArgumentException"><![CDATA[java.lang.IllegalArgumentException: org.hibernate.query.PathException: Plural path 'unlp.info.bd2.model.Purchase(p).itemServiceList' refers to a collection and so element attribute 'service' may not be referenced directly (use element() function)
	at org.hibernate.internal.ExceptionConverterImpl.convert(ExceptionConverterImpl.java:143)
	at org.hibernate.internal.ExceptionConverterImpl.convert(ExceptionConverterImpl.java:167)
	at org.hibernate.internal.ExceptionConverterImpl.convert(ExceptionConverterImpl.java:173)
	at org.hibernate.internal.AbstractSharedSessionContract.createQuery(AbstractSharedSessionContract.java:848)
	at org.hibernate.internal.AbstractSharedSessionContract.createQuery(AbstractSharedSessionContract.java:136)
	at unlp.info.bd2.repositories.ToursRepositoryImpl.getTopNSuppliersInPurchases(ToursRepositoryImpl.java:267)
	at unlp.info.bd2.services.ToursServiceImpl.getTopNSuppliersInPurchases(ToursServiceImpl.java:224)
	at unlp.info.bd2.ToursQuerysTests.getTopNSuppliersInPurchasesTest(ToursQuerysTests.java:80)
	at java.base/java.lang.reflect.Method.invoke(Method.java:580)
	at java.base/java.util.ArrayList.forEach(ArrayList.java:1597)
	at java.base/java.util.ArrayList.forEach(ArrayList.java:1597)
Caused by: org.hibernate.query.PathException: Plural path 'unlp.info.bd2.model.Purchase(p).itemServiceList' refers to a collection and so element attribute 'service' may not be referenced directly (use element() function)
	at org.hibernate.query.sqm.tree.domain.SqmPluralValuedSimplePath.resolvePathPart(SqmPluralValuedSimplePath.java:102)
	at org.hibernate.query.hql.internal.DomainPathPart.resolvePathPart(DomainPathPart.java:42)
	at org.hibernate.query.hql.internal.BasicDotIdentifierConsumer.consumeIdentifier(BasicDotIdentifierConsumer.java:91)
	at org.hibernate.query.hql.internal.SemanticQueryBuilder.visitSimplePath(SemanticQueryBuilder.java:5060)
	at org.hibernate.query.hql.internal.SemanticQueryBuilder.visitIndexedPathAccessFragment(SemanticQueryBuilder.java:5009)
	at org.hibernate.query.hql.internal.SemanticQueryBuilder.visitGeneralPathFragment(SemanticQueryBuilder.java:4984)
	at org.hibernate.query.hql.internal.SemanticQueryBuilder.visitGeneralPathExpression(SemanticQueryBuilder.java:1776)
	at org.hibernate.grammars.hql.HqlParser$GeneralPathExpressionContext.accept(HqlParser.java:7699)
	at org.antlr.v4.runtime.tree.AbstractParseTreeVisitor.visitChildren(AbstractParseTreeVisitor.java:46)
	at org.hibernate.grammars.hql.HqlParserBaseVisitor.visitBarePrimaryExpression(HqlParserBaseVisitor.java:756)
	at org.hibernate.grammars.hql.HqlParser$BarePrimaryExpressionContext.accept(HqlParser.java:7157)
	at org.antlr.v4.runtime.tree.AbstractParseTreeVisitor.visitChildren(AbstractParseTreeVisitor.java:46)
	at org.hibernate.grammars.hql.HqlParserBaseVisitor.visitExpressionOrPredicate(HqlParserBaseVisitor.java:896)
	at org.hibernate.grammars.hql.HqlParser$ExpressionOrPredicateContext.accept(HqlParser.java:7927)
	at org.hibernate.query.hql.internal.SemanticQueryBuilder.visitSelectableNode(SemanticQueryBuilder.java:1332)
	at org.hibernate.query.hql.internal.SemanticQueryBuilder.visitSelection(SemanticQueryBuilder.java:1309)
	at org.hibernate.query.hql.internal.SemanticQueryBuilder.visitSelectClause(SemanticQueryBuilder.java:1302)
	at org.hibernate.query.hql.internal.SemanticQueryBuilder.visitQuery(SemanticQueryBuilder.java:1154)
	at org.hibernate.query.hql.internal.SemanticQueryBuilder.visitQuerySpecExpression(SemanticQueryBuilder.java:941)
	at org.hibernate.query.hql.internal.SemanticQueryBuilder.visitQuerySpecExpression(SemanticQueryBuilder.java:269)
	at org.hibernate.grammars.hql.HqlParser$QuerySpecExpressionContext.accept(HqlParser.java:1869)
	at org.hibernate.query.hql.internal.SemanticQueryBuilder.visitSimpleQueryGroup(SemanticQueryBuilder.java:926)
	at org.hibernate.query.hql.internal.SemanticQueryBuilder.visitSimpleQueryGroup(SemanticQueryBuilder.java:269)
	at org.hibernate.grammars.hql.HqlParser$SimpleQueryGroupContext.accept(HqlParser.java:1740)
	at org.hibernate.query.hql.internal.SemanticQueryBuilder.visitSelectStatement(SemanticQueryBuilder.java:443)
	at org.hibernate.query.hql.internal.SemanticQueryBuilder.visitStatement(SemanticQueryBuilder.java:402)
	at org.hibernate.query.hql.internal.SemanticQueryBuilder.buildSemanticModel(SemanticQueryBuilder.java:311)
	at org.hibernate.query.hql.internal.StandardHqlTranslator.translate(StandardHqlTranslator.java:71)
	at org.hibernate.query.internal.QueryInterpretationCacheStandardImpl.createHqlInterpretation(QueryInterpretationCacheStandardImpl.java:165)
	at org.hibernate.query.internal.QueryInterpretationCacheStandardImpl.resolveHqlInterpretation(QueryInterpretationCacheStandardImpl.java:147)
	at org.hibernate.internal.AbstractSharedSessionContract.interpretHql(AbstractSharedSessionContract.java:790)
	at org.hibernate.internal.AbstractSharedSessionContract.createQuery(AbstractSharedSessionContract.java:840)
	... 7 more
]]></error>
  </testcase>
  <testcase name="init" classname="unlp.info.bd2.ToursQuerysTests" time="0.006"/>
  <testcase name="getUserSpendingMoreThanTest" classname="unlp.info.bd2.ToursQuerysTests" time="0.053">
    <failure message="expected: &lt;6&gt; but was: &lt;0&gt;" type="org.opentest4j.AssertionFailedError"><![CDATA[org.opentest4j.AssertionFailedError: expected: <6> but was: <0>
	at org.junit.jupiter.api.AssertionFailureBuilder.build(AssertionFailureBuilder.java:151)
	at org.junit.jupiter.api.AssertionFailureBuilder.buildAndThrow(AssertionFailureBuilder.java:132)
	at org.junit.jupiter.api.AssertEquals.failNotEqual(AssertEquals.java:197)
	at org.junit.jupiter.api.AssertEquals.assertEquals(AssertEquals.java:150)
	at org.junit.jupiter.api.AssertEquals.assertEquals(AssertEquals.java:145)
	at org.junit.jupiter.api.Assertions.assertEquals(Assertions.java:531)
	at unlp.info.bd2.ToursQuerysTests.getUserSpendingMoreThanTest(ToursQuerysTests.java:69)
	at java.base/java.lang.reflect.Method.invoke(Method.java:580)
	at java.base/java.util.ArrayList.forEach(ArrayList.java:1597)
	at java.base/java.util.ArrayList.forEach(ArrayList.java:1597)
]]></failure>
    <system-out><![CDATA[Hibernate: 
    select
        u1_0.id,
        u1_0.TIPO_USUARIO,
        u1_0.active,
        u1_0.birthdate,
        u1_0.email,
        u1_0.name,
        u1_0.password,
        u1_0.phoneNumber,
        u1_0.username,
        u1_0.expedient,
        u1_0.education 
    from
        Purchase p1_0 
    join
        User u1_0 
            on u1_0.id=p1_0.user_id 
    group by
        u1_0.id 
    having
        sum(p1_0.totalPrice)>?
]]></system-out>
  </testcase>
  <testcase name="getMostDemandedServiceTest" classname="unlp.info.bd2.ToursQuerysTests" time="0.031">
    <system-out><![CDATA[Hibernate: 
    select
        s1_0.id,
        s1_0.description,
        s1_0.name,
        s1_0.price,
        s1_0.supplier_id 
    from
        Service s1_0 
    join
        ItemService is1_0 
            on s1_0.id=is1_0.service_id 
    group by
        s1_0.id 
    order by
        sum(is1_0.quantity) desc 
    limit
        ?
Hibernate: 
    select
        s1_0.id,
        s1_0.authorizationNumber,
        s1_0.businessName 
    from
        Supplier s1_0 
    where
        s1_0.id=?
]]></system-out>
  </testcase>
  <testcase name="getTourGuidesWithRating1Test" classname="unlp.info.bd2.ToursQuerysTests" time="0.021">
    <failure message="expected: &lt;3&gt; but was: &lt;0&gt;" type="org.opentest4j.AssertionFailedError"><![CDATA[org.opentest4j.AssertionFailedError: expected: <3> but was: <0>
	at org.junit.jupiter.api.AssertionFailureBuilder.build(AssertionFailureBuilder.java:151)
	at org.junit.jupiter.api.AssertionFailureBuilder.buildAndThrow(AssertionFailureBuilder.java:132)
	at org.junit.jupiter.api.AssertEquals.failNotEqual(AssertEquals.java:197)
	at org.junit.jupiter.api.AssertEquals.assertEquals(AssertEquals.java:150)
	at org.junit.jupiter.api.AssertEquals.assertEquals(AssertEquals.java:145)
	at org.junit.jupiter.api.Assertions.assertEquals(Assertions.java:531)
	at unlp.info.bd2.ToursQuerysTests.getTourGuidesWithRating1Test(ToursQuerysTests.java:145)
	at java.base/java.lang.reflect.Method.invoke(Method.java:580)
	at java.base/java.util.ArrayList.forEach(ArrayList.java:1597)
	at java.base/java.util.ArrayList.forEach(ArrayList.java:1597)
]]></failure>
    <system-out><![CDATA[Hibernate: 
    select
        tgu1_0.id,
        tgu1_0.active,
        tgu1_0.birthdate,
        tgu1_0.email,
        tgu1_0.name,
        tgu1_0.password,
        tgu1_0.phoneNumber,
        tgu1_0.username,
        tgu1_0.education 
    from
        User tgu1_0 
    join
        (Review r1_0 
    join
        Purchase p1_0 
            on p1_0.id=r1_0.purchase_id) 
        on tgu1_0.id=p1_0.user_id 
    where
        r1_0.rating=1 
        and tgu1_0.TIPO_USUARIO='TOUR_GUIDE'
]]></system-out>
  </testcase>
  <testcase name="getTop3RoutesWithMaxRatingTest" classname="unlp.info.bd2.ToursQuerysTests" time="0.019">
    <system-out><![CDATA[Hibernate: 
    select
        r1_0.id,
        r1_0.maxNumberUsers,
        r1_0.name,
        r1_0.price,
        r1_0.totalKm 
    from
        Route r1_0 
    join
        Purchase p1_0 
            on r1_0.id=p1_0.route_id 
    join
        Review r3_0 
            on p1_0.id=r3_0.purchase_id 
    group by
        r1_0.id 
    order by
        avg(r3_0.rating) desc 
    limit
        ?
]]></system-out>
  </testcase>
  <testcase name="getCountOfPurchasesBetweenDatesTest" classname="unlp.info.bd2.ToursQuerysTests" time="0.036">
    <system-out><![CDATA[Hibernate: 
    select
        count(*) 
    from
        Purchase p1_0 
    where
        p1_0.date between ? and ?
Hibernate: 
    select
        count(*) 
    from
        Purchase p1_0 
    where
        p1_0.date between ? and ?
Hibernate: 
    select
        count(*) 
    from
        Purchase p1_0 
    where
        p1_0.date between ? and ?
]]></system-out>
  </testcase>
</testsuite>