<?xml version="1.0" encoding="UTF-8"?>
<testsuite xmlns:xsi="http://www.w3.org/2001/XMLSchema-instance" xsi:noNamespaceSchemaLocation="https://maven.apache.org/surefire/maven-surefire-plugin/xsd/surefire-test-report-3.0.xsd" version="3.0" name="unlp.info.bd2.ToursApplicationTests" time="9.436" tests="11" errors="1" skipped="0" failures="4">
  <properties>
[...]
</properties>
  <testcase name="addReviewToPurchaseTest" classname="unlp.info.bd2.ToursApplicationTests" time="1.418">
    <failure message="expected: not &lt;null&gt;" type="org.opentest4j.AssertionFailedError"><![CDATA[org.opentest4j.AssertionFailedError: expected: not <null>
	at org.junit.jupiter.api.AssertionFailureBuilder.build(AssertionFailureBuilder.java:152)
	at org.junit.jupiter.api.AssertionFailureBuilder.buildAndThrow(AssertionFailureBuilder.java:132)
	at org.junit.jupiter.api.AssertNotNull.failNull(AssertNotNull.java:49)
	at org.junit.jupiter.api.AssertNotNull.assertNotNull(AssertNotNull.java:35)
	at org.junit.jupiter.api.AssertNotNull.assertNotNull(AssertNotNull.java:30)
	at org.junit.jupiter.api.Assertions.assertNotNull(Assertions.java:304)
	at unlp.info.bd2.ToursApplicationTests.addReviewToPurchaseTest(ToursApplicationTests.java:289)
	at java.base/java.lang.reflect.Method.invoke(Method.java:580)
	at java.base/java.util.ArrayList.forEach(ArrayList.java:1597)
	at java.base/java.util.ArrayList.forEach(ArrayList.java:1597)
]]></failure>
    <system-out><![CDATA[20:17:57.923 [main] INFO org.hibernate.Version -- HHH000412: Hibernate ORM core version 6.4.4.Final
20:17:58.113 [main] INFO org.hibernate.cache.internal.RegionFactoryInitiator -- HHH000026: Second-level cache disabled
20:17:58.699 [main] WARN org.hibernate.orm.deprecation -- HHH90000025: MySQLDialect does not need to be specified explicitly using 'hibernate.dialect' (remove the property setting and it will be selected by default)
20:18:00.377 [main] INFO org.hibernate.metamodel.internal.EntityInstantiatorPojoStandard -- HHH000182: No default (no-argument) constructor for class: unlp.info.bd2.model.ItemService (class must be instantiated by Interceptor)
20:18:00.395 [main] INFO org.hibernate.metamodel.internal.EntityInstantiatorPojoStandard -- HHH000182: No default (no-argument) constructor for class: unlp.info.bd2.model.Review (class must be instantiated by Interceptor)
20:18:00.451 [main] INFO org.hibernate.metamodel.internal.EntityInstantiatorPojoStandard -- HHH000182: No default (no-argument) constructor for class: unlp.info.bd2.model.Purchase (class must be instantiated by Interceptor)
20:18:00.889 [main] INFO org.hibernate.engine.transaction.jta.platform.internal.JtaPlatformInitiator -- HHH000489: No JTA platform available (set 'hibernate.transaction.jta.platform' to enable JTA platform integration)
Hibernate: 
    alter table DriverUser_Route 
       drop 
       foreign key FK7nrl1x2jrecep0obnex11e68l
Hibernate: 
    alter table DriverUser_Route 
       drop 
       foreign key FKj7u40y2fjdh1yjx1yj65w62yn
Hibernate: 
    alter table ItemService 
       drop 
       foreign key FK3irqogllelbjchciuu8lkqhsa
Hibernate: 
    alter table ItemService 
       drop 
       foreign key FK9qy0l54bu71fed4qcr5w2a6jj
Hibernate: 
    alter table Purchase 
       drop 
       foreign key FKmegulceyii61cx6yvqjk2arme
Hibernate: 
    alter table Purchase 
       drop 
       foreign key FKdukhkwen2608e4liccoh1w3lb
Hibernate: 
    alter table Review 
       drop 
       foreign key FKllu3c5acfdsewb2fg2s1e0dfd
Hibernate: 
    alter table Service 
       drop 
       foreign key FK7r8rfu8lnotaryukymhmmt4x2
Hibernate: 
    alter table Stop 
       drop 
       foreign key FK74wbrtwd0buwa6pm5wcr6idr3
Hibernate: 
    alter table TourGuideUser_Route 
       drop 
       foreign key FKojswp76ghuur11t7tky65mai1
Hibernate: 
    alter table TourGuideUser_Route 
       drop 
       foreign key FKsrb7bac0uiq5sycydgbgxxyiu
Hibernate: 
    drop table if exists DriverUser_Route
Hibernate: 
    drop table if exists ItemService
Hibernate: 
    drop table if exists Purchase
Hibernate: 
    drop table if exists Review
Hibernate: 
    drop table if exists Route
Hibernate: 
    drop table if exists Service
Hibernate: 
    drop table if exists Stop
Hibernate: 
    drop table if exists Supplier
Hibernate: 
    drop table if exists TourGuideUser_Route
Hibernate: 
    drop table if exists User
Hibernate: 
    create table DriverUser_Route (
        driver_id bigint not null,
        route_id bigint not null
    ) engine=InnoDB
Hibernate: 
    create table ItemService (
        quantity integer not null,
        id bigint not null auto_increment,
        purchase_id bigint,
        service_id bigint,
        primary key (id)
    ) engine=InnoDB
Hibernate: 
    create table Purchase (
        totalPrice float(23) not null,
        date datetime(6),
        id bigint not null auto_increment,
        route_id bigint,
        user_id bigint,
        code varchar(255),
        primary key (id)
    ) engine=InnoDB
Hibernate: 
    create table Review (
        rating integer not null,
        id bigint not null auto_increment,
        purchase_id bigint,
        comment varchar(255),
        primary key (id)
    ) engine=InnoDB
Hibernate: 
    create table Route (
        maxNumberUsers integer not null,
        price float(23) not null,
        totalKm float(23) not null,
        id bigint not null auto_increment,
        name varchar(255),
        primary key (id)
    ) engine=InnoDB
Hibernate: 
    create table Service (
        price float(23) not null,
        id bigint not null auto_increment,
        supplier_id bigint,
        name varchar(100) not null,
        description varchar(255),
        primary key (id)
    ) engine=InnoDB
Hibernate: 
    create table Stop (
        id bigint not null auto_increment,
        route_id bigint,
        description varchar(255),
        name varchar(255),
        primary key (id)
    ) engine=InnoDB
Hibernate: 
    create table Supplier (
        id bigint not null auto_increment,
        authorizationNumber varchar(255) not null,
        businessName varchar(255),
        primary key (id)
    ) engine=InnoDB
Hibernate: 
    create table TourGuideUser_Route (
        route_id bigint not null,
        tour_guide_id bigint not null
    ) engine=InnoDB
Hibernate: 
    create table User (
        active bit not null,
        birthdate datetime(6),
        id bigint not null auto_increment,
        TIPO_USUARIO varchar(31) not null,
        education varchar(255),
        email varchar(255),
        expedient varchar(255),
        name varchar(255),
        password varchar(255),
        phoneNumber varchar(255),
        username varchar(255) not null,
        primary key (id)
    ) engine=InnoDB
Hibernate: 
    alter table Review 
       add constraint UK_k1hayctsk7sh28pkewme2cpwh unique (purchase_id)
Hibernate: 
    alter table Supplier 
       add constraint UK_42cyx8mhhvhl87fyh80w0q6i2 unique (authorizationNumber)
Hibernate: 
    alter table User 
       add constraint UK_jreodf78a7pl5qidfh43axdfb unique (username)
Hibernate: 
    alter table DriverUser_Route 
       add constraint FK7nrl1x2jrecep0obnex11e68l 
       foreign key (driver_id) 
       references User (id)
Hibernate: 
    alter table DriverUser_Route 
       add constraint FKj7u40y2fjdh1yjx1yj65w62yn 
       foreign key (route_id) 
       references Route (id)
Hibernate: 
    alter table ItemService 
       add constraint FK3irqogllelbjchciuu8lkqhsa 
       foreign key (purchase_id) 
       references Purchase (id)
Hibernate: 
    alter table ItemService 
       add constraint FK9qy0l54bu71fed4qcr5w2a6jj 
       foreign key (service_id) 
       references Service (id)
Hibernate: 
    alter table Purchase 
       add constraint FKmegulceyii61cx6yvqjk2arme 
       foreign key (route_id) 
       references Route (id)
Hibernate: 
    alter table Purchase 
       add constraint FKdukhkwen2608e4liccoh1w3lb 
       foreign key (user_id) 
       references User (id)
Hibernate: 
    alter table Review 
       add constraint FKllu3c5acfdsewb2fg2s1e0dfd 
       foreign key (purchase_id) 
       references Purchase (id)
Hibernate: 
    alter table Service 
       add constraint FK7r8rfu8lnotaryukymhmmt4x2 
       foreign key (supplier_id) 
       references Supplier (id)
Hibernate: 
    alter table Stop 
       add constraint FK74wbrtwd0buwa6pm5wcr6idr3 
       foreign key (route_id) 
       references Route (id)
Hibernate: 
    alter table TourGuideUser_Route 
       add constraint FKojswp76ghuur11t7tky65mai1 
       foreign key (tour_guide_id) 
       references User (id)
Hibernate: 
    alter table TourGuideUser_Route 
       add constraint FKsrb7bac0uiq5sycydgbgxxyiu 
       foreign key (route_id) 
       references Route (id)
Hibernate: 
    select
        u1_0.id,
        u1_0.TIPO_USUARIO,
        u1_0.active,
        u1_0.birthdate,
        u1_0.email,
        u1_0.name,
        u1_0.password,
        u1_0.phoneNumber,
        u1_0.username,
        u1_0.expedient,
        u1_0.education 
    from
        User u1_0 
    where
        u1_0.username=?
Hibernate: 
    insert 
    into
        User
        (active, birthdate, email, name, password, phoneNumber, username, TIPO_USUARIO) 
    values
        (?, ?, ?, ?, ?, ?, ?, 'User')
Hibernate: 
    insert 
    into
        Stop
        (description, name) 
    values
        (?, ?)
Hibernate: 
    insert 
    into
        Stop
        (description, name) 
    values
        (?, ?)
Hibernate: 
    insert 
    into
        Stop
        (description, name) 
    values
        (?, ?)
Hibernate: 
    insert 
    into
        Route
        (maxNumberUsers, name, price, totalKm) 
    values
        (?, ?, ?, ?)
Hibernate: 
    insert 
    into
        Purchase
        (code, date, route_id, totalPrice, user_id) 
    values
        (?, ?, ?, ?, ?)
Hibernate: 
    select
        u1_0.id,
        u1_0.TIPO_USUARIO,
        u1_0.active,
        u1_0.birthdate,
        u1_0.email,
        u1_0.name,
        u1_0.password,
        u1_0.phoneNumber,
        u1_0.username,
        u1_0.expedient,
        u1_0.education 
    from
        User u1_0 
    where
        u1_0.id=?
Hibernate: 
    insert 
    into
        Review
        (comment, purchase_id, rating) 
    values
        (?, ?, ?)
Hibernate: 
    update
        Stop 
    set
        route_id=? 
    where
        id=?
Hibernate: 
    update
        Stop 
    set
        route_id=? 
    where
        id=?
Hibernate: 
    update
        Stop 
    set
        route_id=? 
    where
        id=?
Hibernate: 
    select
        p1_0.id,
        p1_0.code,
        p1_0.date,
        p1_0.route_id,
        p1_0.totalPrice,
        p1_0.user_id 
    from
        Purchase p1_0 
    where
        p1_0.code=?
]]></system-out>
    <system-err><![CDATA[WARNING: A Java agent has been loaded dynamically (C:\Users\tomic\.m2\repository\net\bytebuddy\byte-buddy-agent\1.14.12\byte-buddy-agent-1.14.12.jar)
WARNING: If a serviceability tool is in use, please run with -XX:+EnableDynamicAgentLoading to hide this warning
WARNING: If a serviceability tool is not in use, please run with -Djdk.instrument.traceUsage for more information
WARNING: Dynamic loading of agents will be disallowed by default in a future release
]]></system-err>
  </testcase>
  <testcase name="createAndGetUserTest" classname="unlp.info.bd2.ToursApplicationTests" time="0.043">
    <system-out><![CDATA[Hibernate: 
    select
        u1_0.id,
        u1_0.TIPO_USUARIO,
        u1_0.active,
        u1_0.birthdate,
        u1_0.email,
        u1_0.name,
        u1_0.password,
        u1_0.phoneNumber,
        u1_0.username,
        u1_0.expedient,
        u1_0.education 
    from
        User u1_0 
    where
        u1_0.username=?
Hibernate: 
    insert 
    into
        User
        (active, birthdate, email, name, password, phoneNumber, username, TIPO_USUARIO) 
    values
        (?, ?, ?, ?, ?, ?, ?, 'User')
Hibernate: 
    select
        u1_0.id,
        u1_0.TIPO_USUARIO,
        u1_0.active,
        u1_0.birthdate,
        u1_0.email,
        u1_0.name,
        u1_0.password,
        u1_0.phoneNumber,
        u1_0.username,
        u1_0.expedient,
        u1_0.education 
    from
        User u1_0 
    where
        u1_0.username=?
Hibernate: 
    insert 
    into
        User
        (active, birthdate, email, name, password, phoneNumber, username, expedient, TIPO_USUARIO) 
    values
        (?, ?, ?, ?, ?, ?, ?, ?, 'DRIVER')
Hibernate: 
    select
        u1_0.id,
        u1_0.TIPO_USUARIO,
        u1_0.active,
        u1_0.birthdate,
        u1_0.email,
        u1_0.name,
        u1_0.password,
        u1_0.phoneNumber,
        u1_0.username,
        u1_0.expedient,
        u1_0.education 
    from
        User u1_0 
    where
        u1_0.username=?
Hibernate: 
    insert 
    into
        User
        (active, birthdate, email, name, password, phoneNumber, username, education, TIPO_USUARIO) 
    values
        (?, ?, ?, ?, ?, ?, ?, ?, 'TOUR_GUIDE')
Hibernate: 
    select
        u1_0.id,
        u1_0.TIPO_USUARIO,
        u1_0.active,
        u1_0.birthdate,
        u1_0.email,
        u1_0.name,
        u1_0.password,
        u1_0.phoneNumber,
        u1_0.username,
        u1_0.expedient,
        u1_0.education 
    from
        User u1_0 
    where
        u1_0.username=?
Hibernate: 
    select
        u1_0.id,
        u1_0.TIPO_USUARIO,
        u1_0.active,
        u1_0.birthdate,
        u1_0.email,
        u1_0.name,
        u1_0.password,
        u1_0.phoneNumber,
        u1_0.username,
        u1_0.expedient,
        u1_0.education 
    from
        User u1_0 
    where
        u1_0.username=?
]]></system-out>
  </testcase>
  <testcase name="assignWorkersToRoutesTest" classname="unlp.info.bd2.ToursApplicationTests" time="0.075">
    <system-out><![CDATA[Hibernate: 
    insert 
    into
        Stop
        (description, name) 
    values
        (?, ?)
Hibernate: 
    insert 
    into
        Stop
        (description, name) 
    values
        (?, ?)
Hibernate: 
    insert 
    into
        Stop
        (description, name) 
    values
        (?, ?)
Hibernate: 
    insert 
    into
        Route
        (maxNumberUsers, name, price, totalKm) 
    values
        (?, ?, ?, ?)
Hibernate: 
    select
        u1_0.id,
        u1_0.TIPO_USUARIO,
        u1_0.active,
        u1_0.birthdate,
        u1_0.email,
        u1_0.name,
        u1_0.password,
        u1_0.phoneNumber,
        u1_0.username,
        u1_0.expedient,
        u1_0.education 
    from
        User u1_0 
    where
        u1_0.username=?
Hibernate: 
    insert 
    into
        User
        (active, birthdate, email, name, password, phoneNumber, username, expedient, TIPO_USUARIO) 
    values
        (?, ?, ?, ?, ?, ?, ?, ?, 'DRIVER')
Hibernate: 
    select
        u1_0.id,
        u1_0.TIPO_USUARIO,
        u1_0.active,
        u1_0.birthdate,
        u1_0.email,
        u1_0.name,
        u1_0.password,
        u1_0.phoneNumber,
        u1_0.username,
        u1_0.expedient,
        u1_0.education 
    from
        User u1_0 
    where
        u1_0.username=?
Hibernate: 
    insert 
    into
        User
        (active, birthdate, email, name, password, phoneNumber, username, expedient, TIPO_USUARIO) 
    values
        (?, ?, ?, ?, ?, ?, ?, ?, 'DRIVER')
Hibernate: 
    select
        u1_0.id,
        u1_0.TIPO_USUARIO,
        u1_0.active,
        u1_0.birthdate,
        u1_0.email,
        u1_0.name,
        u1_0.password,
        u1_0.phoneNumber,
        u1_0.username,
        u1_0.expedient,
        u1_0.education 
    from
        User u1_0 
    where
        u1_0.username=?
Hibernate: 
    insert 
    into
        User
        (active, birthdate, email, name, password, phoneNumber, username, education, TIPO_USUARIO) 
    values
        (?, ?, ?, ?, ?, ?, ?, ?, 'TOUR_GUIDE')
Hibernate: 
    select
        u1_0.id,
        u1_0.TIPO_USUARIO,
        u1_0.active,
        u1_0.birthdate,
        u1_0.email,
        u1_0.name,
        u1_0.password,
        u1_0.phoneNumber,
        u1_0.username,
        u1_0.expedient,
        u1_0.education 
    from
        User u1_0 
    where
        u1_0.username=?
Hibernate: 
    select
        u1_0.id,
        u1_0.TIPO_USUARIO,
        u1_0.active,
        u1_0.birthdate,
        u1_0.email,
        u1_0.name,
        u1_0.password,
        u1_0.phoneNumber,
        u1_0.username,
        u1_0.expedient,
        u1_0.education 
    from
        User u1_0 
    where
        u1_0.username=?
Hibernate: 
    select
        u1_0.id,
        u1_0.TIPO_USUARIO,
        u1_0.active,
        u1_0.birthdate,
        u1_0.email,
        u1_0.name,
        u1_0.password,
        u1_0.phoneNumber,
        u1_0.username,
        u1_0.expedient,
        u1_0.education 
    from
        User u1_0 
    where
        u1_0.username=?
Hibernate: 
    select
        u1_0.id,
        u1_0.TIPO_USUARIO,
        u1_0.active,
        u1_0.birthdate,
        u1_0.email,
        u1_0.name,
        u1_0.password,
        u1_0.phoneNumber,
        u1_0.username,
        u1_0.expedient,
        u1_0.education 
    from
        User u1_0 
    where
        u1_0.username=?
Hibernate: 
    select
        u1_0.id,
        u1_0.TIPO_USUARIO,
        u1_0.active,
        u1_0.birthdate,
        u1_0.email,
        u1_0.name,
        u1_0.password,
        u1_0.phoneNumber,
        u1_0.username,
        u1_0.expedient,
        u1_0.education 
    from
        User u1_0 
    where
        u1_0.username=?
Hibernate: 
    select
        r1_0.id,
        r1_0.maxNumberUsers,
        r1_0.name,
        r1_0.price,
        r1_0.totalKm 
    from
        Route r1_0 
    where
        r1_0.id=?
]]></system-out>
  </testcase>
  <testcase name="createAndGetPurchaseTest" classname="unlp.info.bd2.ToursApplicationTests" time="0.076">
    <failure message="expected: &lt;2&gt; but was: &lt;0&gt;" type="org.opentest4j.AssertionFailedError"><![CDATA[org.opentest4j.AssertionFailedError: expected: <2> but was: <0>
	at org.junit.jupiter.api.AssertionFailureBuilder.build(AssertionFailureBuilder.java:151)
	at org.junit.jupiter.api.AssertionFailureBuilder.buildAndThrow(AssertionFailureBuilder.java:132)
	at org.junit.jupiter.api.AssertEquals.failNotEqual(AssertEquals.java:197)
	at org.junit.jupiter.api.AssertEquals.assertEquals(AssertEquals.java:150)
	at org.junit.jupiter.api.AssertEquals.assertEquals(AssertEquals.java:145)
	at org.junit.jupiter.api.Assertions.assertEquals(Assertions.java:531)
	at unlp.info.bd2.ToursApplicationTests.createAndGetPurchaseTest(ToursApplicationTests.java:244)
	at java.base/java.lang.reflect.Method.invoke(Method.java:580)
	at java.base/java.util.ArrayList.forEach(ArrayList.java:1597)
	at java.base/java.util.ArrayList.forEach(ArrayList.java:1597)
]]></failure>
    <system-out><![CDATA[Hibernate: 
    select
        u1_0.id,
        u1_0.TIPO_USUARIO,
        u1_0.active,
        u1_0.birthdate,
        u1_0.email,
        u1_0.name,
        u1_0.password,
        u1_0.phoneNumber,
        u1_0.username,
        u1_0.expedient,
        u1_0.education 
    from
        User u1_0 
    where
        u1_0.username=?
Hibernate: 
    insert 
    into
        User
        (active, birthdate, email, name, password, phoneNumber, username, TIPO_USUARIO) 
    values
        (?, ?, ?, ?, ?, ?, ?, 'User')
Hibernate: 
    insert 
    into
        Stop
        (description, name) 
    values
        (?, ?)
Hibernate: 
    insert 
    into
        Stop
        (description, name) 
    values
        (?, ?)
Hibernate: 
    insert 
    into
        Stop
        (description, name) 
    values
        (?, ?)
Hibernate: 
    insert 
    into
        Route
        (maxNumberUsers, name, price, totalKm) 
    values
        (?, ?, ?, ?)
Hibernate: 
    select
        s1_0.id,
        s1_0.authorizationNumber,
        s1_0.businessName 
    from
        Supplier s1_0 
    where
        s1_0.authorizationNumber=?
Hibernate: 
    insert 
    into
        Supplier
        (authorizationNumber, businessName) 
    values
        (?, ?)
Hibernate: 
    select
        s1_0.id,
        s1_0.authorizationNumber,
        s1_0.businessName 
    from
        Supplier s1_0 
    where
        s1_0.authorizationNumber=?
Hibernate: 
    insert 
    into
        Supplier
        (authorizationNumber, businessName) 
    values
        (?, ?)
Hibernate: 
    insert 
    into
        Service
        (description, name, price, supplier_id) 
    values
        (?, ?, ?, ?)
Hibernate: 
    insert 
    into
        Service
        (description, name, price, supplier_id) 
    values
        (?, ?, ?, ?)
Hibernate: 
    insert 
    into
        Purchase
        (code, date, route_id, totalPrice, user_id) 
    values
        (?, ?, ?, ?, ?)
Hibernate: 
    select
        u1_0.id,
        u1_0.TIPO_USUARIO,
        u1_0.active,
        u1_0.birthdate,
        u1_0.email,
        u1_0.name,
        u1_0.password,
        u1_0.phoneNumber,
        u1_0.username,
        u1_0.expedient,
        u1_0.education 
    from
        User u1_0 
    where
        u1_0.id=?
Hibernate: 
    insert 
    into
        ItemService
        (purchase_id, quantity, service_id) 
    values
        (?, ?, ?)
Hibernate: 
    insert 
    into
        ItemService
        (purchase_id, quantity, service_id) 
    values
        (?, ?, ?)
Hibernate: 
    update
        Stop 
    set
        route_id=? 
    where
        id=?
Hibernate: 
    update
        Stop 
    set
        route_id=? 
    where
        id=?
Hibernate: 
    update
        Stop 
    set
        route_id=? 
    where
        id=?
Hibernate: 
    select
        p1_0.id,
        p1_0.code,
        p1_0.date,
        p1_0.route_id,
        p1_0.totalPrice,
        p1_0.user_id 
    from
        Purchase p1_0 
    where
        p1_0.code=?
]]></system-out>
  </testcase>
  <testcase name="removePurchaseAndItems" classname="unlp.info.bd2.ToursApplicationTests" time="0.06">
    <failure message="expected: &lt;1&gt; but was: &lt;0&gt;" type="org.opentest4j.AssertionFailedError"><![CDATA[org.opentest4j.AssertionFailedError: expected: <1> but was: <0>
	at org.junit.jupiter.api.AssertionFailureBuilder.build(AssertionFailureBuilder.java:151)
	at org.junit.jupiter.api.AssertionFailureBuilder.buildAndThrow(AssertionFailureBuilder.java:132)
	at org.junit.jupiter.api.AssertEquals.failNotEqual(AssertEquals.java:197)
	at org.junit.jupiter.api.AssertEquals.assertEquals(AssertEquals.java:150)
	at org.junit.jupiter.api.AssertEquals.assertEquals(AssertEquals.java:145)
	at org.junit.jupiter.api.Assertions.assertEquals(Assertions.java:531)
	at unlp.info.bd2.ToursApplicationTests.removePurchaseAndItems(ToursApplicationTests.java:267)
	at java.base/java.lang.reflect.Method.invoke(Method.java:580)
	at java.base/java.util.ArrayList.forEach(ArrayList.java:1597)
	at java.base/java.util.ArrayList.forEach(ArrayList.java:1597)
]]></failure>
    <system-out><![CDATA[Hibernate: 
    select
        u1_0.id,
        u1_0.TIPO_USUARIO,
        u1_0.active,
        u1_0.birthdate,
        u1_0.email,
        u1_0.name,
        u1_0.password,
        u1_0.phoneNumber,
        u1_0.username,
        u1_0.expedient,
        u1_0.education 
    from
        User u1_0 
    where
        u1_0.username=?
Hibernate: 
    insert 
    into
        User
        (active, birthdate, email, name, password, phoneNumber, username, TIPO_USUARIO) 
    values
        (?, ?, ?, ?, ?, ?, ?, 'User')
Hibernate: 
    insert 
    into
        Stop
        (description, name) 
    values
        (?, ?)
Hibernate: 
    insert 
    into
        Stop
        (description, name) 
    values
        (?, ?)
Hibernate: 
    insert 
    into
        Stop
        (description, name) 
    values
        (?, ?)
Hibernate: 
    insert 
    into
        Route
        (maxNumberUsers, name, price, totalKm) 
    values
        (?, ?, ?, ?)
Hibernate: 
    select
        s1_0.id,
        s1_0.authorizationNumber,
        s1_0.businessName 
    from
        Supplier s1_0 
    where
        s1_0.authorizationNumber=?
Hibernate: 
    insert 
    into
        Supplier
        (authorizationNumber, businessName) 
    values
        (?, ?)
Hibernate: 
    insert 
    into
        Service
        (description, name, price, supplier_id) 
    values
        (?, ?, ?, ?)
Hibernate: 
    insert 
    into
        Service
        (description, name, price, supplier_id) 
    values
        (?, ?, ?, ?)
Hibernate: 
    insert 
    into
        Purchase
        (code, date, route_id, totalPrice, user_id) 
    values
        (?, ?, ?, ?, ?)
Hibernate: 
    select
        u1_0.id,
        u1_0.TIPO_USUARIO,
        u1_0.active,
        u1_0.birthdate,
        u1_0.email,
        u1_0.name,
        u1_0.password,
        u1_0.phoneNumber,
        u1_0.username,
        u1_0.expedient,
        u1_0.education 
    from
        User u1_0 
    where
        u1_0.id=?
Hibernate: 
    insert 
    into
        ItemService
        (purchase_id, quantity, service_id) 
    values
        (?, ?, ?)
Hibernate: 
    insert 
    into
        ItemService
        (purchase_id, quantity, service_id) 
    values
        (?, ?, ?)
]]></system-out>
  </testcase>
  <testcase name="createAndGetRoutesAndStopsTest" classname="unlp.info.bd2.ToursApplicationTests" time="0.087">
    <system-out><![CDATA[Hibernate: 
    insert 
    into
        Stop
        (description, name) 
    values
        (?, ?)
Hibernate: 
    insert 
    into
        Stop
        (description, name) 
    values
        (?, ?)
Hibernate: 
    insert 
    into
        Stop
        (description, name) 
    values
        (?, ?)
Hibernate: 
    select
        s1_0.id,
        s1_0.description,
        s1_0.name 
    from
        Stop s1_0 
    where
        s1_0.name like ? escape ''
Hibernate: 
    select
        s1_0.id,
        s1_0.description,
        s1_0.name 
    from
        Stop s1_0 
    where
        s1_0.name like ? escape ''
Hibernate: 
    select
        s1_0.id,
        s1_0.description,
        s1_0.name 
    from
        Stop s1_0 
    where
        s1_0.name like ? escape ''
Hibernate: 
    insert 
    into
        Route
        (maxNumberUsers, name, price, totalKm) 
    values
        (?, ?, ?, ?)
Hibernate: 
    insert 
    into
        Route
        (maxNumberUsers, name, price, totalKm) 
    values
        (?, ?, ?, ?)
Hibernate: 
    select
        r1_0.id,
        r1_0.maxNumberUsers,
        r1_0.name,
        r1_0.price,
        r1_0.totalKm 
    from
        Route r1_0 
    where
        r1_0.price<?
Hibernate: 
    select
        r1_0.id,
        r1_0.maxNumberUsers,
        r1_0.name,
        r1_0.price,
        r1_0.totalKm 
    from
        Route r1_0 
    where
        r1_0.price<?
]]></system-out>
  </testcase>
  <testcase name="createAndGetSupplierAndService" classname="unlp.info.bd2.ToursApplicationTests" time="0.064">
    <system-out><![CDATA[Hibernate: 
    select
        s1_0.id,
        s1_0.authorizationNumber,
        s1_0.businessName 
    from
        Supplier s1_0 
    where
        s1_0.authorizationNumber=?
Hibernate: 
    insert 
    into
        Supplier
        (authorizationNumber, businessName) 
    values
        (?, ?)
Hibernate: 
    insert 
    into
        Service
        (description, name, price, supplier_id) 
    values
        (?, ?, ?, ?)
Hibernate: 
    select
        s1_0.id,
        s1_0.authorizationNumber,
        s1_0.businessName 
    from
        Supplier s1_0 
    where
        s1_0.authorizationNumber=?
Hibernate: 
    select
        s1_0.id,
        s1_0.authorizationNumber,
        s1_0.businessName 
    from
        Supplier s1_0 
    where
        s1_0.authorizationNumber=?
Hibernate: 
    select
        s1_0.id,
        s1_0.description,
        s1_0.name,
        s1_0.price,
        s1_0.supplier_id 
    from
        Service s1_0 
    where
        s1_0.name=? 
        and s1_0.supplier_id=?
Hibernate: 
    select
        s1_0.id,
        s1_0.description,
        s1_0.name,
        s1_0.price,
        s1_0.supplier_id 
    from
        Service s1_0 
    where
        s1_0.name=? 
        and s1_0.supplier_id=?
Hibernate: 
    select
        s1_0.id,
        s1_0.authorizationNumber,
        s1_0.businessName 
    from
        Supplier s1_0 
    where
        s1_0.authorizationNumber=?
]]></system-out>
  </testcase>
  <testcase name="updateUserTest" classname="unlp.info.bd2.ToursApplicationTests" time="0.054">
    <system-out><![CDATA[Hibernate: 
    select
        u1_0.id,
        u1_0.TIPO_USUARIO,
        u1_0.active,
        u1_0.birthdate,
        u1_0.email,
        u1_0.name,
        u1_0.password,
        u1_0.phoneNumber,
        u1_0.username,
        u1_0.expedient,
        u1_0.education 
    from
        User u1_0 
    where
        u1_0.username=?
Hibernate: 
    insert 
    into
        User
        (active, birthdate, email, name, password, phoneNumber, username, TIPO_USUARIO) 
    values
        (?, ?, ?, ?, ?, ?, ?, 'User')
Hibernate: 
    select
        u1_0.id,
        u1_0.TIPO_USUARIO,
        u1_0.active,
        u1_0.birthdate,
        u1_0.email,
        u1_0.name,
        u1_0.password,
        u1_0.phoneNumber,
        u1_0.username,
        u1_0.expedient,
        u1_0.education 
    from
        User u1_0 
    where
        u1_0.username=?
Hibernate: 
    insert 
    into
        User
        (active, birthdate, email, name, password, phoneNumber, username, expedient, TIPO_USUARIO) 
    values
        (?, ?, ?, ?, ?, ?, ?, ?, 'DRIVER')
Hibernate: 
    update
        User 
    set
        active=?,
        birthdate=?,
        email=?,
        name=?,
        password=?,
        phoneNumber=? 
    where
        id=?
Hibernate: 
    select
        u1_0.id,
        u1_0.TIPO_USUARIO,
        u1_0.active,
        u1_0.birthdate,
        u1_0.email,
        u1_0.name,
        u1_0.password,
        u1_0.phoneNumber,
        u1_0.username,
        u1_0.expedient,
        u1_0.education 
    from
        User u1_0 
    where
        u1_0.username=?
Hibernate: 
    update
        User 
    set
        active=?,
        birthdate=?,
        email=?,
        name=?,
        password=?,
        phoneNumber=?,
        expedient=? 
    where
        id=?
Hibernate: 
    select
        u1_0.id,
        u1_0.TIPO_USUARIO,
        u1_0.active,
        u1_0.birthdate,
        u1_0.email,
        u1_0.name,
        u1_0.password,
        u1_0.phoneNumber,
        u1_0.username,
        u1_0.expedient,
        u1_0.education 
    from
        User u1_0 
    where
        u1_0.username=?
Hibernate: 
    select
        u1_0.id,
        u1_0.TIPO_USUARIO,
        u1_0.active,
        u1_0.birthdate,
        u1_0.email,
        u1_0.name,
        u1_0.password,
        u1_0.phoneNumber,
        u1_0.username,
        u1_0.expedient,
        u1_0.education 
    from
        User u1_0 
    where
        u1_0.username=?
Hibernate: 
    select
        u1_0.id,
        u1_0.TIPO_USUARIO,
        u1_0.active,
        u1_0.birthdate,
        u1_0.email,
        u1_0.name,
        u1_0.password,
        u1_0.phoneNumber,
        u1_0.username,
        u1_0.expedient,
        u1_0.education 
    from
        User u1_0 
    where
        u1_0.username=?
Hibernate: 
    select
        u1_0.id,
        u1_0.TIPO_USUARIO,
        u1_0.active,
        u1_0.birthdate,
        u1_0.email,
        u1_0.name,
        u1_0.password,
        u1_0.phoneNumber,
        u1_0.username,
        u1_0.expedient,
        u1_0.education 
    from
        User u1_0 
    where
        u1_0.username=?
]]></system-out>
  </testcase>
  <testcase name="deleteRouteTest" classname="unlp.info.bd2.ToursApplicationTests" time="0.037">
    <failure message="No puede eliminarse una ruta con compras asociadas ==&gt; Expected unlp.info.bd2.utils.ToursException to be thrown, but nothing was thrown." type="org.opentest4j.AssertionFailedError"><![CDATA[org.opentest4j.AssertionFailedError: No puede eliminarse una ruta con compras asociadas ==> Expected unlp.info.bd2.utils.ToursException to be thrown, but nothing was thrown.
	at org.junit.jupiter.api.AssertionFailureBuilder.build(AssertionFailureBuilder.java:152)
	at org.junit.jupiter.api.AssertThrows.assertThrows(AssertThrows.java:73)
	at org.junit.jupiter.api.AssertThrows.assertThrows(AssertThrows.java:39)
	at org.junit.jupiter.api.Assertions.assertThrows(Assertions.java:3131)
	at unlp.info.bd2.ToursApplicationTests.deleteRouteTest(ToursApplicationTests.java:308)
	at java.base/java.lang.reflect.Method.invoke(Method.java:580)
	at java.base/java.util.ArrayList.forEach(ArrayList.java:1597)
	at java.base/java.util.ArrayList.forEach(ArrayList.java:1597)
]]></failure>
    <system-out><![CDATA[Hibernate: 
    insert 
    into
        Stop
        (description, name) 
    values
        (?, ?)
Hibernate: 
    insert 
    into
        Stop
        (description, name) 
    values
        (?, ?)
Hibernate: 
    insert 
    into
        Route
        (maxNumberUsers, name, price, totalKm) 
    values
        (?, ?, ?, ?)
Hibernate: 
    insert 
    into
        Route
        (maxNumberUsers, name, price, totalKm) 
    values
        (?, ?, ?, ?)
Hibernate: 
    select
        u1_0.id,
        u1_0.TIPO_USUARIO,
        u1_0.active,
        u1_0.birthdate,
        u1_0.email,
        u1_0.name,
        u1_0.password,
        u1_0.phoneNumber,
        u1_0.username,
        u1_0.expedient,
        u1_0.education 
    from
        User u1_0 
    where
        u1_0.username=?
Hibernate: 
    insert 
    into
        User
        (active, birthdate, email, name, password, phoneNumber, username, TIPO_USUARIO) 
    values
        (?, ?, ?, ?, ?, ?, ?, 'User')
Hibernate: 
    insert 
    into
        Purchase
        (code, date, route_id, totalPrice, user_id) 
    values
        (?, ?, ?, ?, ?)
Hibernate: 
    select
        u1_0.id,
        u1_0.TIPO_USUARIO,
        u1_0.active,
        u1_0.birthdate,
        u1_0.email,
        u1_0.name,
        u1_0.password,
        u1_0.phoneNumber,
        u1_0.username,
        u1_0.expedient,
        u1_0.education 
    from
        User u1_0 
    where
        u1_0.id=?
]]></system-out>
  </testcase>
  <testcase name="deleteUserTest" classname="unlp.info.bd2.ToursApplicationTests" time="0.151">
    <error message="could not execute statement [Cannot delete or update a parent row: a foreign key constraint fails (`bd2_tours`.`purchase`, CONSTRAINT `FKdukhkwen2608e4liccoh1w3lb` FOREIGN KEY (`user_id`) REFERENCES `user` (`id`))] [delete from User where id=?]" type="org.hibernate.exception.ConstraintViolationException"><![CDATA[org.hibernate.exception.ConstraintViolationException: could not execute statement [Cannot delete or update a parent row: a foreign key constraint fails (`bd2_tours`.`purchase`, CONSTRAINT `FKdukhkwen2608e4liccoh1w3lb` FOREIGN KEY (`user_id`) REFERENCES `user` (`id`))] [delete from User where id=?]
	at org.hibernate.exception.internal.SQLExceptionTypeDelegate.convert(SQLExceptionTypeDelegate.java:62)
	at org.hibernate.exception.internal.StandardSQLExceptionConverter.convert(StandardSQLExceptionConverter.java:58)
	at org.hibernate.engine.jdbc.spi.SqlExceptionHelper.convert(SqlExceptionHelper.java:108)
	at org.hibernate.engine.jdbc.internal.ResultSetReturnImpl.executeUpdate(ResultSetReturnImpl.java:197)
	at org.hibernate.engine.jdbc.mutation.internal.AbstractMutationExecutor.performNonBatchedMutation(AbstractMutationExecutor.java:108)
	at org.hibernate.engine.jdbc.mutation.internal.MutationExecutorSingleNonBatched.performNonBatchedOperations(MutationExecutorSingleNonBatched.java:40)
	at org.hibernate.engine.jdbc.mutation.internal.AbstractMutationExecutor.execute(AbstractMutationExecutor.java:52)
	at org.hibernate.persister.entity.mutation.AbstractDeleteCoordinator.doStaticDelete(AbstractDeleteCoordinator.java:279)
	at org.hibernate.persister.entity.mutation.AbstractDeleteCoordinator.coordinateDelete(AbstractDeleteCoordinator.java:87)
	at org.hibernate.persister.entity.AbstractEntityPersister.delete(AbstractEntityPersister.java:2979)
	at org.hibernate.action.internal.EntityDeleteAction.execute(EntityDeleteAction.java:131)
	at org.hibernate.engine.spi.ActionQueue.executeActions(ActionQueue.java:632)
	at org.hibernate.engine.spi.ActionQueue.executeActions(ActionQueue.java:499)
	at org.hibernate.event.internal.AbstractFlushingEventListener.performExecutions(AbstractFlushingEventListener.java:363)
	at org.hibernate.event.internal.DefaultAutoFlushEventListener.onAutoFlush(DefaultAutoFlushEventListener.java:61)
	at org.hibernate.event.service.internal.EventListenerGroupImpl.fireEventOnEachListener(EventListenerGroupImpl.java:127)
	at org.hibernate.internal.SessionImpl.autoFlushIfRequired(SessionImpl.java:1366)
	at org.hibernate.query.sqm.internal.ConcreteSqmSelectQueryPlan.lambda$new$2(ConcreteSqmSelectQueryPlan.java:136)
	at org.hibernate.query.sqm.internal.ConcreteSqmSelectQueryPlan.withCacheableSqmInterpretation(ConcreteSqmSelectQueryPlan.java:362)
	at org.hibernate.query.sqm.internal.ConcreteSqmSelectQueryPlan.performList(ConcreteSqmSelectQueryPlan.java:303)
	at org.hibernate.query.sqm.internal.QuerySqmImpl.doList(QuerySqmImpl.java:509)
	at org.hibernate.query.spi.AbstractSelectionQuery.list(AbstractSelectionQuery.java:427)
	at org.hibernate.query.spi.AbstractSelectionQuery.uniqueResult(AbstractSelectionQuery.java:558)
	at unlp.info.bd2.repositories.ToursRepositoryImpl.getUserByUsername(ToursRepositoryImpl.java:58)
	at unlp.info.bd2.services.ToursServiceImpl.getUserByUsername(ToursServiceImpl.java:65)
	at unlp.info.bd2.ToursApplicationTests.deleteUserTest(ToursApplicationTests.java:328)
	at java.base/java.lang.reflect.Method.invoke(Method.java:580)
	at java.base/java.util.ArrayList.forEach(ArrayList.java:1597)
	at java.base/java.util.ArrayList.forEach(ArrayList.java:1597)
Caused by: java.sql.SQLIntegrityConstraintViolationException: Cannot delete or update a parent row: a foreign key constraint fails (`bd2_tours`.`purchase`, CONSTRAINT `FKdukhkwen2608e4liccoh1w3lb` FOREIGN KEY (`user_id`) REFERENCES `user` (`id`))
	at com.mysql.cj.jdbc.exceptions.SQLError.createSQLException(SQLError.java:118)
	at com.mysql.cj.jdbc.exceptions.SQLExceptionsMapping.translateException(SQLExceptionsMapping.java:122)
	at com.mysql.cj.jdbc.ClientPreparedStatement.executeInternal(ClientPreparedStatement.java:912)
	at com.mysql.cj.jdbc.ClientPreparedStatement.executeUpdateInternal(ClientPreparedStatement.java:1054)
	at com.mysql.cj.jdbc.ClientPreparedStatement.executeUpdateInternal(ClientPreparedStatement.java:1003)
	at com.mysql.cj.jdbc.ClientPreparedStatement.executeLargeUpdate(ClientPreparedStatement.java:1312)
	at com.mysql.cj.jdbc.ClientPreparedStatement.executeUpdate(ClientPreparedStatement.java:988)
	at org.apache.commons.dbcp.DelegatingPreparedStatement.executeUpdate(DelegatingPreparedStatement.java:105)
	at org.apache.commons.dbcp.DelegatingPreparedStatement.executeUpdate(DelegatingPreparedStatement.java:105)
	at org.hibernate.engine.jdbc.internal.ResultSetReturnImpl.executeUpdate(ResultSetReturnImpl.java:194)
	... 25 more
]]></error>
    <system-out><![CDATA[Hibernate: 
    select
        u1_0.id,
        u1_0.TIPO_USUARIO,
        u1_0.active,
        u1_0.birthdate,
        u1_0.email,
        u1_0.name,
        u1_0.password,
        u1_0.phoneNumber,
        u1_0.username,
        u1_0.expedient,
        u1_0.education 
    from
        User u1_0 
    where
        u1_0.username=?
Hibernate: 
    insert 
    into
        User
        (active, birthdate, email, name, password, phoneNumber, username, TIPO_USUARIO) 
    values
        (?, ?, ?, ?, ?, ?, ?, 'User')
Hibernate: 
    delete 
    from
        User 
    where
        id=?
Hibernate: 
    select
        u1_0.id,
        u1_0.TIPO_USUARIO,
        u1_0.active,
        u1_0.birthdate,
        u1_0.email,
        u1_0.name,
        u1_0.password,
        u1_0.phoneNumber,
        u1_0.username,
        u1_0.expedient,
        u1_0.education 
    from
        User u1_0 
    where
        u1_0.username=?
Hibernate: 
    select
        u1_0.id,
        u1_0.TIPO_USUARIO,
        u1_0.active,
        u1_0.birthdate,
        u1_0.email,
        u1_0.name,
        u1_0.password,
        u1_0.phoneNumber,
        u1_0.username,
        u1_0.expedient,
        u1_0.education 
    from
        User u1_0 
    where
        u1_0.username=?
Hibernate: 
    insert 
    into
        User
        (active, birthdate, email, name, password, phoneNumber, username, TIPO_USUARIO) 
    values
        (?, ?, ?, ?, ?, ?, ?, 'User')
Hibernate: 
    insert 
    into
        Stop
        (description, name) 
    values
        (?, ?)
Hibernate: 
    insert 
    into
        Stop
        (description, name) 
    values
        (?, ?)
Hibernate: 
    insert 
    into
        Stop
        (description, name) 
    values
        (?, ?)
Hibernate: 
    insert 
    into
        Route
        (maxNumberUsers, name, price, totalKm) 
    values
        (?, ?, ?, ?)
Hibernate: 
    insert 
    into
        Purchase
        (code, date, route_id, totalPrice, user_id) 
    values
        (?, ?, ?, ?, ?)
Hibernate: 
    select
        u1_0.id,
        u1_0.TIPO_USUARIO,
        u1_0.active,
        u1_0.birthdate,
        u1_0.email,
        u1_0.name,
        u1_0.password,
        u1_0.phoneNumber,
        u1_0.username,
        u1_0.expedient,
        u1_0.education 
    from
        User u1_0 
    where
        u1_0.id=?
Hibernate: 
    update
        Stop 
    set
        route_id=? 
    where
        id=?
Hibernate: 
    update
        Stop 
    set
        route_id=? 
    where
        id=?
Hibernate: 
    update
        Stop 
    set
        route_id=? 
    where
        id=?
Hibernate: 
    delete 
    from
        User 
    where
        id=?
20:18:06.198 [main] WARN org.hibernate.engine.jdbc.spi.SqlExceptionHelper -- SQL Error: 1451, SQLState: 23000
20:18:06.200 [main] ERROR org.hibernate.engine.jdbc.spi.SqlExceptionHelper -- Cannot delete or update a parent row: a foreign key constraint fails (`bd2_tours`.`purchase`, CONSTRAINT `FKdukhkwen2608e4liccoh1w3lb` FOREIGN KEY (`user_id`) REFERENCES `user` (`id`))
]]></system-out>
  </testcase>
  <testcase name="updateServicePriceTest" classname="unlp.info.bd2.ToursApplicationTests" time="0.023">
    <system-out><![CDATA[Hibernate: 
    select
        s1_0.id,
        s1_0.authorizationNumber,
        s1_0.businessName 
    from
        Supplier s1_0 
    where
        s1_0.authorizationNumber=?
Hibernate: 
    insert 
    into
        Supplier
        (authorizationNumber, businessName) 
    values
        (?, ?)
Hibernate: 
    insert 
    into
        Service
        (description, name, price, supplier_id) 
    values
        (?, ?, ?, ?)
Hibernate: 
    select
        s1_0.id,
        s1_0.description,
        s1_0.name,
        s1_0.price,
        s2_0.id,
        s2_0.authorizationNumber,
        s2_0.businessName 
    from
        Service s1_0 
    left join
        Supplier s2_0 
            on s2_0.id=s1_0.supplier_id 
    where
        s1_0.id=?
]]></system-out>
  </testcase>
</testsuite>